mode: atomic
github.com/RUDRA-PRATAP-SINGH01/PebbleDB/cmd/pebbledb/main.go:10.13,11.22 1 0
github.com/RUDRA-PRATAP-SINGH01/PebbleDB/cmd/pebbledb/main.go:11.22,14.3 2 0
github.com/RUDRA-PRATAP-SINGH01/PebbleDB/cmd/pebbledb/main.go:16.2,18.41 3 0
github.com/RUDRA-PRATAP-SINGH01/PebbleDB/cmd/pebbledb/main.go:18.41,21.3 2 0
github.com/RUDRA-PRATAP-SINGH01/PebbleDB/cmd/pebbledb/main.go:22.2,22.20 1 0
github.com/RUDRA-PRATAP-SINGH01/PebbleDB/cmd/pebbledb/main.go:22.20,25.3 2 0
github.com/RUDRA-PRATAP-SINGH01/PebbleDB/cmd/pebbledb/main.go:27.2,28.16 2 0
github.com/RUDRA-PRATAP-SINGH01/PebbleDB/cmd/pebbledb/main.go:28.16,30.3 1 0
github.com/RUDRA-PRATAP-SINGH01/PebbleDB/cmd/pebbledb/main.go:31.2,33.17 2 0
github.com/RUDRA-PRATAP-SINGH01/PebbleDB/cmd/pebbledb/main.go:34.13,35.21 1 0
github.com/RUDRA-PRATAP-SINGH01/PebbleDB/cmd/pebbledb/main.go:35.21,37.4 1 0
github.com/RUDRA-PRATAP-SINGH01/PebbleDB/cmd/pebbledb/main.go:38.3,38.72 1 0
github.com/RUDRA-PRATAP-SINGH01/PebbleDB/cmd/pebbledb/main.go:38.72,40.4 1 0
github.com/RUDRA-PRATAP-SINGH01/PebbleDB/cmd/pebbledb/main.go:41.13,42.21 1 0
github.com/RUDRA-PRATAP-SINGH01/PebbleDB/cmd/pebbledb/main.go:42.21,44.4 1 0
github.com/RUDRA-PRATAP-SINGH01/PebbleDB/cmd/pebbledb/main.go:45.3,46.28 2 0
github.com/RUDRA-PRATAP-SINGH01/PebbleDB/cmd/pebbledb/main.go:46.28,48.4 1 0
github.com/RUDRA-PRATAP-SINGH01/PebbleDB/cmd/pebbledb/main.go:49.3,49.17 1 0
github.com/RUDRA-PRATAP-SINGH01/PebbleDB/cmd/pebbledb/main.go:49.17,51.4 1 0
github.com/RUDRA-PRATAP-SINGH01/PebbleDB/cmd/pebbledb/main.go:52.3,52.27 1 0
github.com/RUDRA-PRATAP-SINGH01/PebbleDB/cmd/pebbledb/main.go:53.16,54.21 1 0
github.com/RUDRA-PRATAP-SINGH01/PebbleDB/cmd/pebbledb/main.go:54.21,56.4 1 0
github.com/RUDRA-PRATAP-SINGH01/PebbleDB/cmd/pebbledb/main.go:57.3,57.58 1 0
github.com/RUDRA-PRATAP-SINGH01/PebbleDB/cmd/pebbledb/main.go:57.58,59.4 1 0
github.com/RUDRA-PRATAP-SINGH01/PebbleDB/cmd/pebbledb/main.go:60.14,62.20 2 0
github.com/RUDRA-PRATAP-SINGH01/PebbleDB/cmd/pebbledb/main.go:63.10,63.10 0 0
github.com/RUDRA-PRATAP-SINGH01/PebbleDB/cmd/pebbledb/main.go:64.10,65.27 1 0
github.com/RUDRA-PRATAP-SINGH01/PebbleDB/cmd/pebbledb/main.go:66.10,68.25 2 0
github.com/RUDRA-PRATAP-SINGH01/PebbleDB/cmd/pebbledb/main.go:69.11,70.59 1 0
github.com/RUDRA-PRATAP-SINGH01/PebbleDB/cmd/pebbledb/main.go:72.3,73.17 2 0
github.com/RUDRA-PRATAP-SINGH01/PebbleDB/cmd/pebbledb/main.go:73.17,75.4 1 0
github.com/RUDRA-PRATAP-SINGH01/PebbleDB/cmd/pebbledb/main.go:76.3,77.18 2 0
github.com/RUDRA-PRATAP-SINGH01/PebbleDB/cmd/pebbledb/main.go:77.18,79.36 2 0
github.com/RUDRA-PRATAP-SINGH01/PebbleDB/cmd/pebbledb/main.go:79.36,81.5 1 0
github.com/RUDRA-PRATAP-SINGH01/PebbleDB/cmd/pebbledb/main.go:83.10,85.13 2 0
github.com/RUDRA-PRATAP-SINGH01/PebbleDB/cmd/pebbledb/main.go:89.14,101.2 1 0
github.com/RUDRA-PRATAP-SINGH01/PebbleDB/cmd/pebbledb/main.go:103.41,104.34 1 0
github.com/RUDRA-PRATAP-SINGH01/PebbleDB/cmd/pebbledb/main.go:104.34,106.3 1 0
github.com/RUDRA-PRATAP-SINGH01/PebbleDB/cmd/pebbledb/main.go:107.2,107.17 1 0
github.com/RUDRA-PRATAP-SINGH01/PebbleDB/cmd/pebbledb/main.go:110.23,113.2 2 0
github.com/RUDRA-PRATAP-SINGH01/PebbleDB/internal/bloom/bloom.go:18.67,23.11 3 2
github.com/RUDRA-PRATAP-SINGH01/PebbleDB/internal/bloom/bloom.go:23.11,25.3 1 0
github.com/RUDRA-PRATAP-SINGH01/PebbleDB/internal/bloom/bloom.go:26.2,26.12 1 2
github.com/RUDRA-PRATAP-SINGH01/PebbleDB/internal/bloom/bloom.go:26.12,28.3 1 0
github.com/RUDRA-PRATAP-SINGH01/PebbleDB/internal/bloom/bloom.go:30.2,36.3 2 2
github.com/RUDRA-PRATAP-SINGH01/PebbleDB/internal/bloom/bloom.go:40.34,41.26 1 5
github.com/RUDRA-PRATAP-SINGH01/PebbleDB/internal/bloom/bloom.go:41.26,43.3 1 0
github.com/RUDRA-PRATAP-SINGH01/PebbleDB/internal/bloom/bloom.go:44.2,49.33 6 5
github.com/RUDRA-PRATAP-SINGH01/PebbleDB/internal/bloom/bloom.go:49.33,52.3 2 35
github.com/RUDRA-PRATAP-SINGH01/PebbleDB/internal/bloom/bloom.go:53.2,53.7 1 5
github.com/RUDRA-PRATAP-SINGH01/PebbleDB/internal/bloom/bloom.go:57.46,58.26 1 6
github.com/RUDRA-PRATAP-SINGH01/PebbleDB/internal/bloom/bloom.go:58.26,60.3 1 1
github.com/RUDRA-PRATAP-SINGH01/PebbleDB/internal/bloom/bloom.go:61.2,66.33 6 5
github.com/RUDRA-PRATAP-SINGH01/PebbleDB/internal/bloom/bloom.go:66.33,68.38 2 29
github.com/RUDRA-PRATAP-SINGH01/PebbleDB/internal/bloom/bloom.go:68.38,70.4 1 1
github.com/RUDRA-PRATAP-SINGH01/PebbleDB/internal/bloom/bloom.go:72.2,72.13 1 4
github.com/RUDRA-PRATAP-SINGH01/PebbleDB/internal/bloom/bloom.go:76.34,82.2 5 1
github.com/RUDRA-PRATAP-SINGH01/PebbleDB/internal/bloom/bloom.go:85.34,86.19 1 3
github.com/RUDRA-PRATAP-SINGH01/PebbleDB/internal/bloom/bloom.go:86.19,88.3 1 1
github.com/RUDRA-PRATAP-SINGH01/PebbleDB/internal/bloom/bloom.go:89.2,91.22 3 2
github.com/RUDRA-PRATAP-SINGH01/PebbleDB/internal/bloom/bloom.go:91.22,93.3 1 1
github.com/RUDRA-PRATAP-SINGH01/PebbleDB/internal/bloom/bloom.go:94.2,96.35 3 1
github.com/RUDRA-PRATAP-SINGH01/PebbleDB/internal/bloom/bloom.go:96.35,98.3 1 0
github.com/RUDRA-PRATAP-SINGH01/PebbleDB/internal/bloom/bloom.go:99.2,106.3 3 1
github.com/RUDRA-PRATAP-SINGH01/PebbleDB/internal/iterator/merge.go:22.85,23.37 1 2
github.com/RUDRA-PRATAP-SINGH01/PebbleDB/internal/iterator/merge.go:23.37,25.3 1 0
github.com/RUDRA-PRATAP-SINGH01/PebbleDB/internal/iterator/merge.go:26.2,29.25 2 2
github.com/RUDRA-PRATAP-SINGH01/PebbleDB/internal/iterator/merge.go:29.25,31.3 1 4
github.com/RUDRA-PRATAP-SINGH01/PebbleDB/internal/iterator/merge.go:32.2,32.15 1 2
github.com/RUDRA-PRATAP-SINGH01/PebbleDB/internal/iterator/merge.go:36.48,38.30 2 2
github.com/RUDRA-PRATAP-SINGH01/PebbleDB/internal/iterator/merge.go:38.30,39.40 1 4
github.com/RUDRA-PRATAP-SINGH01/PebbleDB/internal/iterator/merge.go:39.40,43.4 3 0
github.com/RUDRA-PRATAP-SINGH01/PebbleDB/internal/iterator/merge.go:45.2,45.20 1 2
github.com/RUDRA-PRATAP-SINGH01/PebbleDB/internal/iterator/merge.go:48.38,50.2 1 5
github.com/RUDRA-PRATAP-SINGH01/PebbleDB/internal/iterator/merge.go:52.38,54.2 1 3
github.com/RUDRA-PRATAP-SINGH01/PebbleDB/internal/iterator/merge.go:56.40,58.2 1 0
github.com/RUDRA-PRATAP-SINGH01/PebbleDB/internal/iterator/merge.go:60.44,62.2 1 0
github.com/RUDRA-PRATAP-SINGH01/PebbleDB/internal/iterator/merge.go:64.38,65.18 1 3
github.com/RUDRA-PRATAP-SINGH01/PebbleDB/internal/iterator/merge.go:65.18,67.3 1 0
github.com/RUDRA-PRATAP-SINGH01/PebbleDB/internal/iterator/merge.go:68.2,68.20 1 3
github.com/RUDRA-PRATAP-SINGH01/PebbleDB/internal/iterator/merge.go:71.39,73.30 2 2
github.com/RUDRA-PRATAP-SINGH01/PebbleDB/internal/iterator/merge.go:73.30,74.54 1 4
github.com/RUDRA-PRATAP-SINGH01/PebbleDB/internal/iterator/merge.go:74.54,76.4 1 0
github.com/RUDRA-PRATAP-SINGH01/PebbleDB/internal/iterator/merge.go:78.2,79.14 2 2
github.com/RUDRA-PRATAP-SINGH01/PebbleDB/internal/iterator/merge.go:82.37,84.2 1 0
github.com/RUDRA-PRATAP-SINGH01/PebbleDB/internal/iterator/merge.go:86.41,87.6 1 5
github.com/RUDRA-PRATAP-SINGH01/PebbleDB/internal/iterator/merge.go:87.6,89.20 2 6
github.com/RUDRA-PRATAP-SINGH01/PebbleDB/internal/iterator/merge.go:89.20,94.4 4 2
github.com/RUDRA-PRATAP-SINGH01/PebbleDB/internal/iterator/merge.go:96.3,101.31 5 4
github.com/RUDRA-PRATAP-SINGH01/PebbleDB/internal/iterator/merge.go:101.31,102.21 1 8
github.com/RUDRA-PRATAP-SINGH01/PebbleDB/internal/iterator/merge.go:102.21,103.13 1 1
github.com/RUDRA-PRATAP-SINGH01/PebbleDB/internal/iterator/merge.go:105.4,105.40 1 7
github.com/RUDRA-PRATAP-SINGH01/PebbleDB/internal/iterator/merge.go:105.40,106.13 1 1
github.com/RUDRA-PRATAP-SINGH01/PebbleDB/internal/iterator/merge.go:108.4,108.28 1 6
github.com/RUDRA-PRATAP-SINGH01/PebbleDB/internal/iterator/merge.go:108.28,113.5 4 6
github.com/RUDRA-PRATAP-SINGH01/PebbleDB/internal/iterator/merge.go:114.4,114.39 1 6
github.com/RUDRA-PRATAP-SINGH01/PebbleDB/internal/iterator/merge.go:117.3,117.32 1 4
github.com/RUDRA-PRATAP-SINGH01/PebbleDB/internal/iterator/merge.go:117.32,118.36 1 6
github.com/RUDRA-PRATAP-SINGH01/PebbleDB/internal/iterator/merge.go:118.36,122.5 3 0
github.com/RUDRA-PRATAP-SINGH01/PebbleDB/internal/iterator/merge.go:125.3,125.17 1 4
github.com/RUDRA-PRATAP-SINGH01/PebbleDB/internal/iterator/merge.go:125.17,126.12 1 1
github.com/RUDRA-PRATAP-SINGH01/PebbleDB/internal/iterator/merge.go:129.3,130.23 2 3
github.com/RUDRA-PRATAP-SINGH01/PebbleDB/internal/iterator/merge.go:130.23,132.4 1 0
github.com/RUDRA-PRATAP-SINGH01/PebbleDB/internal/iterator/merge.go:132.9,134.4 1 3
github.com/RUDRA-PRATAP-SINGH01/PebbleDB/internal/iterator/merge.go:135.3,136.13 2 3
github.com/RUDRA-PRATAP-SINGH01/PebbleDB/internal/iterator/merge.go:140.41,142.30 2 6
github.com/RUDRA-PRATAP-SINGH01/PebbleDB/internal/iterator/merge.go:142.30,143.20 1 12
github.com/RUDRA-PRATAP-SINGH01/PebbleDB/internal/iterator/merge.go:143.20,144.12 1 5
github.com/RUDRA-PRATAP-SINGH01/PebbleDB/internal/iterator/merge.go:146.3,147.52 2 7
github.com/RUDRA-PRATAP-SINGH01/PebbleDB/internal/iterator/merge.go:147.52,149.4 1 4
github.com/RUDRA-PRATAP-SINGH01/PebbleDB/internal/iterator/merge.go:151.2,151.15 1 6
github.com/RUDRA-PRATAP-SINGH01/PebbleDB/internal/sstable/block.go:16.24,18.2 1 8
github.com/RUDRA-PRATAP-SINGH01/PebbleDB/internal/sstable/block.go:21.65,22.62 1 19
github.com/RUDRA-PRATAP-SINGH01/PebbleDB/internal/sstable/block.go:22.62,24.3 1 0
github.com/RUDRA-PRATAP-SINGH01/PebbleDB/internal/sstable/block.go:25.2,28.15 4 19
github.com/RUDRA-PRATAP-SINGH01/PebbleDB/internal/sstable/block.go:28.15,30.3 1 2
github.com/RUDRA-PRATAP-SINGH01/PebbleDB/internal/sstable/block.go:31.2,38.12 8 19
github.com/RUDRA-PRATAP-SINGH01/PebbleDB/internal/sstable/block.go:42.28,44.2 1 35
github.com/RUDRA-PRATAP-SINGH01/PebbleDB/internal/sstable/block.go:47.32,49.2 1 8
github.com/RUDRA-PRATAP-SINGH01/PebbleDB/internal/sstable/block.go:52.25,54.2 1 8
github.com/RUDRA-PRATAP-SINGH01/PebbleDB/internal/sstable/block.go:66.51,68.2 1 7
github.com/RUDRA-PRATAP-SINGH01/PebbleDB/internal/sstable/block.go:71.38,72.29 1 14
github.com/RUDRA-PRATAP-SINGH01/PebbleDB/internal/sstable/block.go:72.29,74.3 1 2
github.com/RUDRA-PRATAP-SINGH01/PebbleDB/internal/sstable/block.go:75.2,77.39 3 12
github.com/RUDRA-PRATAP-SINGH01/PebbleDB/internal/sstable/block.go:77.39,79.3 1 0
github.com/RUDRA-PRATAP-SINGH01/PebbleDB/internal/sstable/block.go:80.2,82.29 3 12
github.com/RUDRA-PRATAP-SINGH01/PebbleDB/internal/sstable/block.go:82.29,84.3 1 0
github.com/RUDRA-PRATAP-SINGH01/PebbleDB/internal/sstable/block.go:85.2,87.39 3 12
github.com/RUDRA-PRATAP-SINGH01/PebbleDB/internal/sstable/block.go:87.39,89.3 1 0
github.com/RUDRA-PRATAP-SINGH01/PebbleDB/internal/sstable/block.go:90.2,92.28 3 12
github.com/RUDRA-PRATAP-SINGH01/PebbleDB/internal/sstable/block.go:92.28,94.3 1 0
github.com/RUDRA-PRATAP-SINGH01/PebbleDB/internal/sstable/block.go:95.2,98.13 4 12
github.com/RUDRA-PRATAP-SINGH01/PebbleDB/internal/sstable/block.go:101.39,102.19 1 12
github.com/RUDRA-PRATAP-SINGH01/PebbleDB/internal/sstable/block.go:102.19,104.3 1 0
github.com/RUDRA-PRATAP-SINGH01/PebbleDB/internal/sstable/block.go:105.2,105.39 1 12
github.com/RUDRA-PRATAP-SINGH01/PebbleDB/internal/sstable/block.go:108.41,109.19 1 9
github.com/RUDRA-PRATAP-SINGH01/PebbleDB/internal/sstable/block.go:109.19,111.3 1 0
github.com/RUDRA-PRATAP-SINGH01/PebbleDB/internal/sstable/block.go:112.2,112.39 1 9
github.com/RUDRA-PRATAP-SINGH01/PebbleDB/internal/sstable/block.go:115.45,115.68 1 9
github.com/RUDRA-PRATAP-SINGH01/PebbleDB/internal/sstable/block.go:118.48,123.16 5 0
github.com/RUDRA-PRATAP-SINGH01/PebbleDB/internal/sstable/block.go:123.16,124.38 1 0
github.com/RUDRA-PRATAP-SINGH01/PebbleDB/internal/sstable/block.go:124.38,126.4 1 0
github.com/RUDRA-PRATAP-SINGH01/PebbleDB/internal/sstable/block.go:128.2,130.14 3 0
github.com/RUDRA-PRATAP-SINGH01/PebbleDB/internal/sstable/cache.go:26.46,27.19 1 1
github.com/RUDRA-PRATAP-SINGH01/PebbleDB/internal/sstable/cache.go:27.19,29.3 1 0
github.com/RUDRA-PRATAP-SINGH01/PebbleDB/internal/sstable/cache.go:31.2,35.3 2 1
github.com/RUDRA-PRATAP-SINGH01/PebbleDB/internal/sstable/cache.go:38.50,40.2 1 10
github.com/RUDRA-PRATAP-SINGH01/PebbleDB/internal/sstable/cache.go:42.53,43.14 1 4
github.com/RUDRA-PRATAP-SINGH01/PebbleDB/internal/sstable/cache.go:43.14,45.3 1 0
github.com/RUDRA-PRATAP-SINGH01/PebbleDB/internal/sstable/cache.go:46.2,46.25 1 4
github.com/RUDRA-PRATAP-SINGH01/PebbleDB/internal/sstable/cache.go:49.52,50.14 1 1
github.com/RUDRA-PRATAP-SINGH01/PebbleDB/internal/sstable/cache.go:50.14,52.3 1 0
github.com/RUDRA-PRATAP-SINGH01/PebbleDB/internal/sstable/cache.go:53.2,56.42 3 1
github.com/RUDRA-PRATAP-SINGH01/PebbleDB/internal/sstable/cache.go:56.42,58.3 1 0
github.com/RUDRA-PRATAP-SINGH01/PebbleDB/internal/sstable/cache.go:60.2,64.22 4 1
github.com/RUDRA-PRATAP-SINGH01/PebbleDB/internal/sstable/cache.go:64.22,66.10 2 0
github.com/RUDRA-PRATAP-SINGH01/PebbleDB/internal/sstable/cache.go:66.10,67.9 1 0
github.com/RUDRA-PRATAP-SINGH01/PebbleDB/internal/sstable/cache.go:69.3,69.20 1 0
github.com/RUDRA-PRATAP-SINGH01/PebbleDB/internal/sstable/footer.go:26.34,35.2 8 8
github.com/RUDRA-PRATAP-SINGH01/PebbleDB/internal/sstable/footer.go:38.44,39.28 1 7
github.com/RUDRA-PRATAP-SINGH01/PebbleDB/internal/sstable/footer.go:39.28,41.3 1 0
github.com/RUDRA-PRATAP-SINGH01/PebbleDB/internal/sstable/footer.go:42.2,48.12 7 7
github.com/RUDRA-PRATAP-SINGH01/PebbleDB/internal/sstable/footer.go:52.51,53.59 1 7
github.com/RUDRA-PRATAP-SINGH01/PebbleDB/internal/sstable/footer.go:53.59,55.3 1 0
github.com/RUDRA-PRATAP-SINGH01/PebbleDB/internal/sstable/footer.go:56.2,57.47 2 7
github.com/RUDRA-PRATAP-SINGH01/PebbleDB/internal/sstable/footer.go:57.47,59.3 1 0
github.com/RUDRA-PRATAP-SINGH01/PebbleDB/internal/sstable/footer.go:60.2,61.43 2 7
github.com/RUDRA-PRATAP-SINGH01/PebbleDB/internal/sstable/footer.go:61.43,63.3 1 0
github.com/RUDRA-PRATAP-SINGH01/PebbleDB/internal/sstable/footer.go:64.2,64.33 1 7
github.com/RUDRA-PRATAP-SINGH01/PebbleDB/internal/sstable/footer.go:64.33,66.3 1 0
github.com/RUDRA-PRATAP-SINGH01/PebbleDB/internal/sstable/footer.go:67.2,67.38 1 7
github.com/RUDRA-PRATAP-SINGH01/PebbleDB/internal/sstable/footer.go:67.38,69.3 1 0
github.com/RUDRA-PRATAP-SINGH01/PebbleDB/internal/sstable/footer.go:70.2,70.20 1 7
github.com/RUDRA-PRATAP-SINGH01/PebbleDB/internal/sstable/index.go:19.46,21.2 1 8
github.com/RUDRA-PRATAP-SINGH01/PebbleDB/internal/sstable/index.go:24.40,26.32 2 8
github.com/RUDRA-PRATAP-SINGH01/PebbleDB/internal/sstable/index.go:26.32,33.3 5 8
github.com/RUDRA-PRATAP-SINGH01/PebbleDB/internal/sstable/index.go:34.2,34.12 1 8
github.com/RUDRA-PRATAP-SINGH01/PebbleDB/internal/sstable/iterator.go:21.42,25.2 3 2
github.com/RUDRA-PRATAP-SINGH01/PebbleDB/internal/sstable/iterator.go:28.34,30.2 1 8
github.com/RUDRA-PRATAP-SINGH01/PebbleDB/internal/sstable/iterator.go:33.34,34.19 1 0
github.com/RUDRA-PRATAP-SINGH01/PebbleDB/internal/sstable/iterator.go:34.19,36.3 1 0
github.com/RUDRA-PRATAP-SINGH01/PebbleDB/internal/sstable/iterator.go:37.2,37.39 1 0
github.com/RUDRA-PRATAP-SINGH01/PebbleDB/internal/sstable/iterator.go:41.36,42.21 1 0
github.com/RUDRA-PRATAP-SINGH01/PebbleDB/internal/sstable/iterator.go:42.21,44.3 1 0
github.com/RUDRA-PRATAP-SINGH01/PebbleDB/internal/sstable/iterator.go:45.2,45.41 1 0
github.com/RUDRA-PRATAP-SINGH01/PebbleDB/internal/sstable/iterator.go:49.40,51.2 1 0
github.com/RUDRA-PRATAP-SINGH01/PebbleDB/internal/sstable/iterator.go:54.33,56.2 1 4
github.com/RUDRA-PRATAP-SINGH01/PebbleDB/internal/sstable/iterator.go:59.28,60.15 1 4
github.com/RUDRA-PRATAP-SINGH01/PebbleDB/internal/sstable/iterator.go:60.15,62.3 1 0
github.com/RUDRA-PRATAP-SINGH01/PebbleDB/internal/sstable/iterator.go:63.2,63.14 1 4
github.com/RUDRA-PRATAP-SINGH01/PebbleDB/internal/sstable/iterator.go:67.44,69.31 2 0
github.com/RUDRA-PRATAP-SINGH01/PebbleDB/internal/sstable/iterator.go:69.31,72.3 2 0
github.com/RUDRA-PRATAP-SINGH01/PebbleDB/internal/sstable/iterator.go:73.2,73.19 1 0
github.com/RUDRA-PRATAP-SINGH01/PebbleDB/internal/sstable/iterator.go:73.19,78.3 4 0
github.com/RUDRA-PRATAP-SINGH01/PebbleDB/internal/sstable/iterator.go:79.2,79.60 1 0
github.com/RUDRA-PRATAP-SINGH01/PebbleDB/internal/sstable/iterator.go:79.60,81.3 1 0
github.com/RUDRA-PRATAP-SINGH01/PebbleDB/internal/sstable/iterator.go:82.2,82.33 1 0
github.com/RUDRA-PRATAP-SINGH01/PebbleDB/internal/sstable/iterator.go:82.33,85.3 2 0
github.com/RUDRA-PRATAP-SINGH01/PebbleDB/internal/sstable/iterator.go:86.2,86.49 1 0
github.com/RUDRA-PRATAP-SINGH01/PebbleDB/internal/sstable/iterator.go:86.49,89.17 3 0
github.com/RUDRA-PRATAP-SINGH01/PebbleDB/internal/sstable/iterator.go:89.17,93.4 3 0
github.com/RUDRA-PRATAP-SINGH01/PebbleDB/internal/sstable/iterator.go:94.3,95.24 2 0
github.com/RUDRA-PRATAP-SINGH01/PebbleDB/internal/sstable/iterator.go:95.24,103.4 7 0
github.com/RUDRA-PRATAP-SINGH01/PebbleDB/internal/sstable/iterator.go:105.2,106.12 2 0
github.com/RUDRA-PRATAP-SINGH01/PebbleDB/internal/sstable/iterator.go:110.35,113.2 2 2
github.com/RUDRA-PRATAP-SINGH01/PebbleDB/internal/sstable/iterator.go:115.31,116.6 1 6
github.com/RUDRA-PRATAP-SINGH01/PebbleDB/internal/sstable/iterator.go:116.6,117.45 1 8
github.com/RUDRA-PRATAP-SINGH01/PebbleDB/internal/sstable/iterator.go:117.45,123.4 5 4
github.com/RUDRA-PRATAP-SINGH01/PebbleDB/internal/sstable/iterator.go:125.3,126.42 2 4
github.com/RUDRA-PRATAP-SINGH01/PebbleDB/internal/sstable/iterator.go:126.42,129.4 2 2
github.com/RUDRA-PRATAP-SINGH01/PebbleDB/internal/sstable/iterator.go:131.3,133.17 3 2
github.com/RUDRA-PRATAP-SINGH01/PebbleDB/internal/sstable/iterator.go:133.17,137.4 3 0
github.com/RUDRA-PRATAP-SINGH01/PebbleDB/internal/sstable/iterator.go:138.3,138.43 1 2
github.com/RUDRA-PRATAP-SINGH01/PebbleDB/internal/sstable/iterator.go:143.32,145.2 1 0
github.com/RUDRA-PRATAP-SINGH01/PebbleDB/internal/sstable/iterator.go:149.55,151.2 1 1
github.com/RUDRA-PRATAP-SINGH01/PebbleDB/internal/sstable/iterator.go:154.69,156.2 1 0
github.com/RUDRA-PRATAP-SINGH01/PebbleDB/internal/sstable/iterator.go:158.76,159.23 1 1
github.com/RUDRA-PRATAP-SINGH01/PebbleDB/internal/sstable/iterator.go:159.23,161.3 1 0
github.com/RUDRA-PRATAP-SINGH01/PebbleDB/internal/sstable/iterator.go:163.2,164.28 2 1
github.com/RUDRA-PRATAP-SINGH01/PebbleDB/internal/sstable/iterator.go:164.28,166.3 1 2
github.com/RUDRA-PRATAP-SINGH01/PebbleDB/internal/sstable/iterator.go:167.2,167.15 1 1
github.com/RUDRA-PRATAP-SINGH01/PebbleDB/internal/sstable/iterator.go:167.15,168.28 1 1
github.com/RUDRA-PRATAP-SINGH01/PebbleDB/internal/sstable/iterator.go:168.28,169.17 1 2
github.com/RUDRA-PRATAP-SINGH01/PebbleDB/internal/sstable/iterator.go:169.17,171.5 1 2
github.com/RUDRA-PRATAP-SINGH01/PebbleDB/internal/sstable/iterator.go:175.2,175.6 1 1
github.com/RUDRA-PRATAP-SINGH01/PebbleDB/internal/sstable/iterator.go:175.6,177.20 2 4
github.com/RUDRA-PRATAP-SINGH01/PebbleDB/internal/sstable/iterator.go:177.20,178.9 1 1
github.com/RUDRA-PRATAP-SINGH01/PebbleDB/internal/sstable/iterator.go:181.3,182.42 2 3
github.com/RUDRA-PRATAP-SINGH01/PebbleDB/internal/sstable/iterator.go:182.42,183.76 1 3
github.com/RUDRA-PRATAP-SINGH01/PebbleDB/internal/sstable/iterator.go:183.76,185.5 1 0
github.com/RUDRA-PRATAP-SINGH01/PebbleDB/internal/sstable/iterator.go:188.3,188.26 1 3
github.com/RUDRA-PRATAP-SINGH01/PebbleDB/internal/sstable/iterator.go:188.26,189.42 1 4
github.com/RUDRA-PRATAP-SINGH01/PebbleDB/internal/sstable/iterator.go:189.42,191.44 2 4
github.com/RUDRA-PRATAP-SINGH01/PebbleDB/internal/sstable/iterator.go:191.44,193.6 1 0
github.com/RUDRA-PRATAP-SINGH01/PebbleDB/internal/sstable/iterator.go:197.2,197.12 1 1
github.com/RUDRA-PRATAP-SINGH01/PebbleDB/internal/sstable/iterator.go:200.54,203.27 3 4
github.com/RUDRA-PRATAP-SINGH01/PebbleDB/internal/sstable/iterator.go:203.27,204.18 1 8
github.com/RUDRA-PRATAP-SINGH01/PebbleDB/internal/sstable/iterator.go:204.18,205.12 1 3
github.com/RUDRA-PRATAP-SINGH01/PebbleDB/internal/sstable/iterator.go:207.3,207.57 1 5
github.com/RUDRA-PRATAP-SINGH01/PebbleDB/internal/sstable/iterator.go:207.57,210.4 2 3
github.com/RUDRA-PRATAP-SINGH01/PebbleDB/internal/sstable/iterator.go:210.9,210.41 1 2
github.com/RUDRA-PRATAP-SINGH01/PebbleDB/internal/sstable/iterator.go:210.41,212.4 1 1
github.com/RUDRA-PRATAP-SINGH01/PebbleDB/internal/sstable/iterator.go:214.2,214.19 1 4
github.com/RUDRA-PRATAP-SINGH01/PebbleDB/internal/sstable/iterator.go:217.35,219.2 1 4
github.com/RUDRA-PRATAP-SINGH01/PebbleDB/internal/sstable/reader.go:31.66,33.16 2 7
github.com/RUDRA-PRATAP-SINGH01/PebbleDB/internal/sstable/reader.go:33.16,35.3 1 0
github.com/RUDRA-PRATAP-SINGH01/PebbleDB/internal/sstable/reader.go:36.2,37.16 2 7
github.com/RUDRA-PRATAP-SINGH01/PebbleDB/internal/sstable/reader.go:37.16,40.3 2 0
github.com/RUDRA-PRATAP-SINGH01/PebbleDB/internal/sstable/reader.go:41.2,42.16 2 7
github.com/RUDRA-PRATAP-SINGH01/PebbleDB/internal/sstable/reader.go:42.16,45.3 2 0
github.com/RUDRA-PRATAP-SINGH01/PebbleDB/internal/sstable/reader.go:46.2,49.93 3 7
github.com/RUDRA-PRATAP-SINGH01/PebbleDB/internal/sstable/reader.go:49.93,52.3 2 0
github.com/RUDRA-PRATAP-SINGH01/PebbleDB/internal/sstable/reader.go:53.2,53.28 1 7
github.com/RUDRA-PRATAP-SINGH01/PebbleDB/internal/sstable/reader.go:53.28,54.94 1 7
github.com/RUDRA-PRATAP-SINGH01/PebbleDB/internal/sstable/reader.go:54.94,57.4 2 0
github.com/RUDRA-PRATAP-SINGH01/PebbleDB/internal/sstable/reader.go:58.3,58.65 1 7
github.com/RUDRA-PRATAP-SINGH01/PebbleDB/internal/sstable/reader.go:58.65,61.4 2 0
github.com/RUDRA-PRATAP-SINGH01/PebbleDB/internal/sstable/reader.go:63.2,63.75 1 7
github.com/RUDRA-PRATAP-SINGH01/PebbleDB/internal/sstable/reader.go:63.75,66.3 2 0
github.com/RUDRA-PRATAP-SINGH01/PebbleDB/internal/sstable/reader.go:67.2,68.53 2 7
github.com/RUDRA-PRATAP-SINGH01/PebbleDB/internal/sstable/reader.go:68.53,71.3 2 0
github.com/RUDRA-PRATAP-SINGH01/PebbleDB/internal/sstable/reader.go:72.2,73.16 2 7
github.com/RUDRA-PRATAP-SINGH01/PebbleDB/internal/sstable/reader.go:73.16,76.3 2 0
github.com/RUDRA-PRATAP-SINGH01/PebbleDB/internal/sstable/reader.go:78.2,79.28 2 7
github.com/RUDRA-PRATAP-SINGH01/PebbleDB/internal/sstable/reader.go:79.28,81.75 2 7
github.com/RUDRA-PRATAP-SINGH01/PebbleDB/internal/sstable/reader.go:81.75,84.4 2 0
github.com/RUDRA-PRATAP-SINGH01/PebbleDB/internal/sstable/reader.go:85.3,86.16 2 7
github.com/RUDRA-PRATAP-SINGH01/PebbleDB/internal/sstable/reader.go:86.16,89.4 2 0
github.com/RUDRA-PRATAP-SINGH01/PebbleDB/internal/sstable/reader.go:92.2,100.8 1 7
github.com/RUDRA-PRATAP-SINGH01/PebbleDB/internal/sstable/reader.go:104.67,105.42 1 9
github.com/RUDRA-PRATAP-SINGH01/PebbleDB/internal/sstable/reader.go:105.42,107.3 1 0
github.com/RUDRA-PRATAP-SINGH01/PebbleDB/internal/sstable/reader.go:109.2,110.25 2 9
github.com/RUDRA-PRATAP-SINGH01/PebbleDB/internal/sstable/reader.go:110.25,111.44 1 2
github.com/RUDRA-PRATAP-SINGH01/PebbleDB/internal/sstable/reader.go:111.44,113.4 1 1
github.com/RUDRA-PRATAP-SINGH01/PebbleDB/internal/sstable/reader.go:116.2,117.67 2 8
github.com/RUDRA-PRATAP-SINGH01/PebbleDB/internal/sstable/reader.go:117.67,119.3 1 0
github.com/RUDRA-PRATAP-SINGH01/PebbleDB/internal/sstable/reader.go:120.2,120.25 1 8
github.com/RUDRA-PRATAP-SINGH01/PebbleDB/internal/sstable/reader.go:120.25,122.3 1 1
github.com/RUDRA-PRATAP-SINGH01/PebbleDB/internal/sstable/reader.go:123.2,123.23 1 8
github.com/RUDRA-PRATAP-SINGH01/PebbleDB/internal/sstable/reader.go:126.53,129.22 3 7
github.com/RUDRA-PRATAP-SINGH01/PebbleDB/internal/sstable/reader.go:129.22,130.24 1 7
github.com/RUDRA-PRATAP-SINGH01/PebbleDB/internal/sstable/reader.go:130.24,132.4 1 0
github.com/RUDRA-PRATAP-SINGH01/PebbleDB/internal/sstable/reader.go:133.3,135.34 3 7
github.com/RUDRA-PRATAP-SINGH01/PebbleDB/internal/sstable/reader.go:135.34,137.4 1 0
github.com/RUDRA-PRATAP-SINGH01/PebbleDB/internal/sstable/reader.go:138.3,140.25 3 7
github.com/RUDRA-PRATAP-SINGH01/PebbleDB/internal/sstable/reader.go:140.25,142.4 1 0
github.com/RUDRA-PRATAP-SINGH01/PebbleDB/internal/sstable/reader.go:143.3,151.5 5 7
github.com/RUDRA-PRATAP-SINGH01/PebbleDB/internal/sstable/reader.go:153.2,153.21 1 7
github.com/RUDRA-PRATAP-SINGH01/PebbleDB/internal/sstable/reader.go:158.46,159.20 1 6
github.com/RUDRA-PRATAP-SINGH01/PebbleDB/internal/sstable/reader.go:159.20,161.3 1 0
github.com/RUDRA-PRATAP-SINGH01/PebbleDB/internal/sstable/reader.go:162.2,162.32 1 6
github.com/RUDRA-PRATAP-SINGH01/PebbleDB/internal/sstable/reader.go:165.88,166.24 1 5
github.com/RUDRA-PRATAP-SINGH01/PebbleDB/internal/sstable/reader.go:166.24,168.3 1 0
github.com/RUDRA-PRATAP-SINGH01/PebbleDB/internal/sstable/reader.go:169.2,169.52 1 5
github.com/RUDRA-PRATAP-SINGH01/PebbleDB/internal/sstable/reader.go:169.52,171.3 1 5
github.com/RUDRA-PRATAP-SINGH01/PebbleDB/internal/sstable/reader.go:172.2,172.25 1 5
github.com/RUDRA-PRATAP-SINGH01/PebbleDB/internal/sstable/reader.go:172.25,174.3 1 0
github.com/RUDRA-PRATAP-SINGH01/PebbleDB/internal/sstable/reader.go:175.2,177.16 3 5
github.com/RUDRA-PRATAP-SINGH01/PebbleDB/internal/sstable/reader.go:177.16,179.3 1 0
github.com/RUDRA-PRATAP-SINGH01/PebbleDB/internal/sstable/reader.go:180.2,181.16 2 5
github.com/RUDRA-PRATAP-SINGH01/PebbleDB/internal/sstable/reader.go:181.16,183.15 2 8
github.com/RUDRA-PRATAP-SINGH01/PebbleDB/internal/sstable/reader.go:183.15,185.4 1 5
github.com/RUDRA-PRATAP-SINGH01/PebbleDB/internal/sstable/reader.go:186.3,186.14 1 3
github.com/RUDRA-PRATAP-SINGH01/PebbleDB/internal/sstable/reader.go:186.14,187.9 1 0
github.com/RUDRA-PRATAP-SINGH01/PebbleDB/internal/sstable/reader.go:190.2,190.31 1 0
github.com/RUDRA-PRATAP-SINGH01/PebbleDB/internal/sstable/reader.go:194.24,196.2 1 1
github.com/RUDRA-PRATAP-SINGH01/PebbleDB/internal/sstable/reader.go:199.26,200.50 1 1
github.com/RUDRA-PRATAP-SINGH01/PebbleDB/internal/sstable/reader.go:200.50,202.3 1 1
github.com/RUDRA-PRATAP-SINGH01/PebbleDB/internal/sstable/reader.go:206.32,208.24 2 6
github.com/RUDRA-PRATAP-SINGH01/PebbleDB/internal/sstable/reader.go:208.24,210.3 1 6
github.com/RUDRA-PRATAP-SINGH01/PebbleDB/internal/sstable/reader.go:211.2,211.12 1 0
github.com/RUDRA-PRATAP-SINGH01/PebbleDB/internal/sstable/reader.go:217.34,220.24 3 1
github.com/RUDRA-PRATAP-SINGH01/PebbleDB/internal/sstable/reader.go:220.24,222.3 1 0
github.com/RUDRA-PRATAP-SINGH01/PebbleDB/internal/sstable/reader.go:223.2,223.12 1 1
github.com/RUDRA-PRATAP-SINGH01/PebbleDB/internal/sstable/reader.go:226.36,229.42 3 7
github.com/RUDRA-PRATAP-SINGH01/PebbleDB/internal/sstable/reader.go:229.42,231.3 1 0
github.com/RUDRA-PRATAP-SINGH01/PebbleDB/internal/sstable/reader.go:232.2,235.45 4 7
github.com/RUDRA-PRATAP-SINGH01/PebbleDB/internal/sstable/reader.go:235.45,237.3 1 1
github.com/RUDRA-PRATAP-SINGH01/PebbleDB/internal/sstable/reader.go:238.2,238.12 1 7
github.com/RUDRA-PRATAP-SINGH01/PebbleDB/internal/sstable/reader.go:242.45,246.17 4 0
github.com/RUDRA-PRATAP-SINGH01/PebbleDB/internal/sstable/reader.go:246.17,249.34 3 0
github.com/RUDRA-PRATAP-SINGH01/PebbleDB/internal/sstable/reader.go:249.34,251.4 1 0
github.com/RUDRA-PRATAP-SINGH01/PebbleDB/internal/sstable/reader.go:253.2,253.15 1 0
github.com/RUDRA-PRATAP-SINGH01/PebbleDB/internal/sstable/writer.go:22.83,23.20 1 8
github.com/RUDRA-PRATAP-SINGH01/PebbleDB/internal/sstable/writer.go:23.20,25.3 1 0
github.com/RUDRA-PRATAP-SINGH01/PebbleDB/internal/sstable/writer.go:26.2,26.25 1 8
github.com/RUDRA-PRATAP-SINGH01/PebbleDB/internal/sstable/writer.go:26.25,28.3 1 0
github.com/RUDRA-PRATAP-SINGH01/PebbleDB/internal/sstable/writer.go:29.2,31.16 3 8
github.com/RUDRA-PRATAP-SINGH01/PebbleDB/internal/sstable/writer.go:31.16,33.3 1 0
github.com/RUDRA-PRATAP-SINGH01/PebbleDB/internal/sstable/writer.go:34.2,42.8 1 8
github.com/RUDRA-PRATAP-SINGH01/PebbleDB/internal/sstable/writer.go:45.28,46.19 1 0
github.com/RUDRA-PRATAP-SINGH01/PebbleDB/internal/sstable/writer.go:46.19,49.3 2 0
github.com/RUDRA-PRATAP-SINGH01/PebbleDB/internal/sstable/writer.go:50.2,50.21 1 0
github.com/RUDRA-PRATAP-SINGH01/PebbleDB/internal/sstable/writer.go:50.21,53.3 2 0
github.com/RUDRA-PRATAP-SINGH01/PebbleDB/internal/sstable/writer.go:56.63,57.60 1 19
github.com/RUDRA-PRATAP-SINGH01/PebbleDB/internal/sstable/writer.go:57.60,59.3 1 0
github.com/RUDRA-PRATAP-SINGH01/PebbleDB/internal/sstable/writer.go:60.2,61.70 2 19
github.com/RUDRA-PRATAP-SINGH01/PebbleDB/internal/sstable/writer.go:61.70,62.40 1 0
github.com/RUDRA-PRATAP-SINGH01/PebbleDB/internal/sstable/writer.go:62.40,64.4 1 0
github.com/RUDRA-PRATAP-SINGH01/PebbleDB/internal/sstable/writer.go:66.2,66.64 1 19
github.com/RUDRA-PRATAP-SINGH01/PebbleDB/internal/sstable/writer.go:66.64,68.3 1 0
github.com/RUDRA-PRATAP-SINGH01/PebbleDB/internal/sstable/writer.go:69.2,71.12 3 19
github.com/RUDRA-PRATAP-SINGH01/PebbleDB/internal/sstable/writer.go:74.37,75.27 1 8
github.com/RUDRA-PRATAP-SINGH01/PebbleDB/internal/sstable/writer.go:75.27,77.3 1 0
github.com/RUDRA-PRATAP-SINGH01/PebbleDB/internal/sstable/writer.go:78.2,80.16 3 8
github.com/RUDRA-PRATAP-SINGH01/PebbleDB/internal/sstable/writer.go:80.16,82.3 1 0
github.com/RUDRA-PRATAP-SINGH01/PebbleDB/internal/sstable/writer.go:83.2,90.12 4 8
github.com/RUDRA-PRATAP-SINGH01/PebbleDB/internal/sstable/writer.go:93.32,94.26 1 8
github.com/RUDRA-PRATAP-SINGH01/PebbleDB/internal/sstable/writer.go:94.26,95.40 1 8
github.com/RUDRA-PRATAP-SINGH01/PebbleDB/internal/sstable/writer.go:95.40,98.4 2 0
github.com/RUDRA-PRATAP-SINGH01/PebbleDB/internal/sstable/writer.go:100.2,102.51 3 8
github.com/RUDRA-PRATAP-SINGH01/PebbleDB/internal/sstable/writer.go:102.51,105.3 2 0
github.com/RUDRA-PRATAP-SINGH01/PebbleDB/internal/sstable/writer.go:106.2,110.51 4 8
github.com/RUDRA-PRATAP-SINGH01/PebbleDB/internal/sstable/writer.go:110.51,113.3 2 0
github.com/RUDRA-PRATAP-SINGH01/PebbleDB/internal/sstable/writer.go:114.2,125.52 4 8
github.com/RUDRA-PRATAP-SINGH01/PebbleDB/internal/sstable/writer.go:125.52,128.3 2 0
github.com/RUDRA-PRATAP-SINGH01/PebbleDB/internal/sstable/writer.go:129.2,129.38 1 8
github.com/RUDRA-PRATAP-SINGH01/PebbleDB/internal/sstable/writer.go:129.38,132.3 2 0
github.com/RUDRA-PRATAP-SINGH01/PebbleDB/internal/sstable/writer.go:133.2,133.39 1 8
github.com/RUDRA-PRATAP-SINGH01/PebbleDB/internal/sstable/writer.go:133.39,136.3 2 0
github.com/RUDRA-PRATAP-SINGH01/PebbleDB/internal/sstable/writer.go:137.2,138.58 2 8
github.com/RUDRA-PRATAP-SINGH01/PebbleDB/internal/sstable/writer.go:138.58,142.3 3 0
github.com/RUDRA-PRATAP-SINGH01/PebbleDB/internal/sstable/writer.go:143.2,144.12 2 8
github.com/RUDRA-PRATAP-SINGH01/PebbleDB/internal/memtable/iterator.go:13.50,19.2 2 2
github.com/RUDRA-PRATAP-SINGH01/PebbleDB/internal/memtable/iterator.go:22.42,24.2 1 7
github.com/RUDRA-PRATAP-SINGH01/PebbleDB/internal/memtable/iterator.go:27.36,28.20 1 3
github.com/RUDRA-PRATAP-SINGH01/PebbleDB/internal/memtable/iterator.go:28.20,30.3 1 3
github.com/RUDRA-PRATAP-SINGH01/PebbleDB/internal/memtable/iterator.go:34.46,35.18 1 3
github.com/RUDRA-PRATAP-SINGH01/PebbleDB/internal/memtable/iterator.go:35.18,38.3 2 0
github.com/RUDRA-PRATAP-SINGH01/PebbleDB/internal/memtable/iterator.go:39.2,39.19 1 3
github.com/RUDRA-PRATAP-SINGH01/PebbleDB/internal/memtable/iterator.go:39.19,42.3 2 0
github.com/RUDRA-PRATAP-SINGH01/PebbleDB/internal/memtable/iterator.go:43.2,44.41 2 3
github.com/RUDRA-PRATAP-SINGH01/PebbleDB/internal/memtable/iterator.go:44.41,45.52 1 6
github.com/RUDRA-PRATAP-SINGH01/PebbleDB/internal/memtable/iterator.go:45.52,47.4 1 3
github.com/RUDRA-PRATAP-SINGH01/PebbleDB/internal/memtable/iterator.go:49.2,49.21 1 3
github.com/RUDRA-PRATAP-SINGH01/PebbleDB/internal/memtable/iterator.go:54.42,55.20 1 5
github.com/RUDRA-PRATAP-SINGH01/PebbleDB/internal/memtable/iterator.go:55.20,57.3 1 0
github.com/RUDRA-PRATAP-SINGH01/PebbleDB/internal/memtable/iterator.go:59.2,59.44 1 5
github.com/RUDRA-PRATAP-SINGH01/PebbleDB/internal/memtable/iterator.go:65.44,66.20 1 0
github.com/RUDRA-PRATAP-SINGH01/PebbleDB/internal/memtable/iterator.go:66.20,68.3 1 0
github.com/RUDRA-PRATAP-SINGH01/PebbleDB/internal/memtable/iterator.go:69.2,69.23 1 0
github.com/RUDRA-PRATAP-SINGH01/PebbleDB/internal/memtable/iterator.go:69.23,71.3 1 0
github.com/RUDRA-PRATAP-SINGH01/PebbleDB/internal/memtable/iterator.go:72.2,72.46 1 0
github.com/RUDRA-PRATAP-SINGH01/PebbleDB/internal/memtable/iterator.go:76.48,78.2 1 0
github.com/RUDRA-PRATAP-SINGH01/PebbleDB/internal/memtable/iterator.go:82.37,83.18 1 2
github.com/RUDRA-PRATAP-SINGH01/PebbleDB/internal/memtable/iterator.go:83.18,86.3 2 2
github.com/RUDRA-PRATAP-SINGH01/PebbleDB/internal/memtable/memtable.go:9.22,11.2 1 0
github.com/RUDRA-PRATAP-SINGH01/PebbleDB/internal/memtable/memtable.go:13.43,15.2 1 0
github.com/RUDRA-PRATAP-SINGH01/PebbleDB/internal/memtable/memtable.go:17.57,19.2 1 0
github.com/RUDRA-PRATAP-SINGH01/PebbleDB/internal/memtable/memtable.go:21.39,23.2 1 0
github.com/RUDRA-PRATAP-SINGH01/PebbleDB/internal/memtable/memtable.go:25.33,27.2 1 0
github.com/RUDRA-PRATAP-SINGH01/PebbleDB/internal/memtable/memtable.go:29.30,31.2 1 0
github.com/RUDRA-PRATAP-SINGH01/PebbleDB/internal/memtable/memtable.go:33.49,35.2 1 0
github.com/RUDRA-PRATAP-SINGH01/PebbleDB/internal/memtable/skiplist.go:25.30,34.2 2 8
github.com/RUDRA-PRATAP-SINGH01/PebbleDB/internal/memtable/skiplist.go:36.40,38.44 2 67
github.com/RUDRA-PRATAP-SINGH01/PebbleDB/internal/memtable/skiplist.go:38.44,40.3 1 15
github.com/RUDRA-PRATAP-SINGH01/PebbleDB/internal/memtable/skiplist.go:41.2,41.10 1 67
github.com/RUDRA-PRATAP-SINGH01/PebbleDB/internal/memtable/skiplist.go:45.44,51.38 5 1314
github.com/RUDRA-PRATAP-SINGH01/PebbleDB/internal/memtable/skiplist.go:51.38,52.52 1 1913
github.com/RUDRA-PRATAP-SINGH01/PebbleDB/internal/memtable/skiplist.go:52.52,54.4 1 2019
github.com/RUDRA-PRATAP-SINGH01/PebbleDB/internal/memtable/skiplist.go:55.3,55.16 1 1913
github.com/RUDRA-PRATAP-SINGH01/PebbleDB/internal/memtable/skiplist.go:58.2,59.35 2 1314
github.com/RUDRA-PRATAP-SINGH01/PebbleDB/internal/memtable/skiplist.go:59.35,70.3 9 1247
github.com/RUDRA-PRATAP-SINGH01/PebbleDB/internal/memtable/skiplist.go:72.2,73.24 2 67
github.com/RUDRA-PRATAP-SINGH01/PebbleDB/internal/memtable/skiplist.go:73.24,74.39 1 5
github.com/RUDRA-PRATAP-SINGH01/PebbleDB/internal/memtable/skiplist.go:74.39,76.4 1 6
github.com/RUDRA-PRATAP-SINGH01/PebbleDB/internal/memtable/skiplist.go:77.3,77.21 1 5
github.com/RUDRA-PRATAP-SINGH01/PebbleDB/internal/memtable/skiplist.go:81.2,89.30 4 67
github.com/RUDRA-PRATAP-SINGH01/PebbleDB/internal/memtable/skiplist.go:89.30,92.3 2 82
github.com/RUDRA-PRATAP-SINGH01/PebbleDB/internal/memtable/skiplist.go:93.2,94.51 2 67
github.com/RUDRA-PRATAP-SINGH01/PebbleDB/internal/memtable/skiplist.go:100.82,105.38 4 1003
github.com/RUDRA-PRATAP-SINGH01/PebbleDB/internal/memtable/skiplist.go:105.38,106.52 1 1005
github.com/RUDRA-PRATAP-SINGH01/PebbleDB/internal/memtable/skiplist.go:106.52,108.4 1 2
github.com/RUDRA-PRATAP-SINGH01/PebbleDB/internal/memtable/skiplist.go:110.2,111.35 2 1003
github.com/RUDRA-PRATAP-SINGH01/PebbleDB/internal/memtable/skiplist.go:111.35,112.18 1 1002
github.com/RUDRA-PRATAP-SINGH01/PebbleDB/internal/memtable/skiplist.go:112.18,114.4 1 1
github.com/RUDRA-PRATAP-SINGH01/PebbleDB/internal/memtable/skiplist.go:116.3,117.30 2 1001
github.com/RUDRA-PRATAP-SINGH01/PebbleDB/internal/memtable/skiplist.go:119.2,119.26 1 1
github.com/RUDRA-PRATAP-SINGH01/PebbleDB/internal/memtable/skiplist.go:123.40,129.38 5 1
github.com/RUDRA-PRATAP-SINGH01/PebbleDB/internal/memtable/skiplist.go:129.38,130.52 1 1
github.com/RUDRA-PRATAP-SINGH01/PebbleDB/internal/memtable/skiplist.go:130.52,132.4 1 0
github.com/RUDRA-PRATAP-SINGH01/PebbleDB/internal/memtable/skiplist.go:133.3,133.16 1 1
github.com/RUDRA-PRATAP-SINGH01/PebbleDB/internal/memtable/skiplist.go:135.2,136.35 2 1
github.com/RUDRA-PRATAP-SINGH01/PebbleDB/internal/memtable/skiplist.go:136.35,137.19 1 1
github.com/RUDRA-PRATAP-SINGH01/PebbleDB/internal/memtable/skiplist.go:137.19,142.4 3 1
github.com/RUDRA-PRATAP-SINGH01/PebbleDB/internal/memtable/skiplist.go:143.3,143.9 1 1
github.com/RUDRA-PRATAP-SINGH01/PebbleDB/internal/memtable/skiplist.go:146.2,147.24 2 0
github.com/RUDRA-PRATAP-SINGH01/PebbleDB/internal/memtable/skiplist.go:147.24,148.39 1 0
github.com/RUDRA-PRATAP-SINGH01/PebbleDB/internal/memtable/skiplist.go:148.39,150.4 1 0
github.com/RUDRA-PRATAP-SINGH01/PebbleDB/internal/memtable/skiplist.go:151.3,151.21 1 0
github.com/RUDRA-PRATAP-SINGH01/PebbleDB/internal/memtable/skiplist.go:153.2,160.30 3 0
github.com/RUDRA-PRATAP-SINGH01/PebbleDB/internal/memtable/skiplist.go:160.30,163.3 2 0
github.com/RUDRA-PRATAP-SINGH01/PebbleDB/internal/memtable/skiplist.go:164.2,165.36 2 0
github.com/RUDRA-PRATAP-SINGH01/PebbleDB/internal/memtable/skiplist.go:170.34,174.2 3 2
github.com/RUDRA-PRATAP-SINGH01/PebbleDB/internal/memtable/skiplist.go:177.31,181.2 3 0
github.com/RUDRA-PRATAP-SINGH01/PebbleDB/internal/memtable/skiplist.go:184.29,185.44 1 4774
github.com/RUDRA-PRATAP-SINGH01/PebbleDB/internal/memtable/skiplist.go:185.44,186.19 1 8773
github.com/RUDRA-PRATAP-SINGH01/PebbleDB/internal/memtable/skiplist.go:186.19,188.4 1 2470
github.com/RUDRA-PRATAP-SINGH01/PebbleDB/internal/memtable/skiplist.go:190.2,190.24 1 2304
github.com/RUDRA-PRATAP-SINGH01/PebbleDB/internal/memtable/skiplist.go:193.30,194.22 1 2278
github.com/RUDRA-PRATAP-SINGH01/PebbleDB/internal/memtable/skiplist.go:194.22,196.3 1 0
github.com/RUDRA-PRATAP-SINGH01/PebbleDB/internal/memtable/skiplist.go:197.2,197.30 1 2278
github.com/RUDRA-PRATAP-SINGH01/PebbleDB/internal/memtable/skiplist.go:197.30,198.19 1 6276
github.com/RUDRA-PRATAP-SINGH01/PebbleDB/internal/memtable/skiplist.go:198.19,200.4 1 28
github.com/RUDRA-PRATAP-SINGH01/PebbleDB/internal/memtable/skiplist.go:202.2,202.13 1 2250
github.com/RUDRA-PRATAP-SINGH01/PebbleDB/internal/memtable/snapshot.go:12.48,17.52 4 2
github.com/RUDRA-PRATAP-SINGH01/PebbleDB/internal/memtable/snapshot.go:17.52,22.19 2 27
github.com/RUDRA-PRATAP-SINGH01/PebbleDB/internal/memtable/snapshot.go:22.19,24.4 1 27
github.com/RUDRA-PRATAP-SINGH01/PebbleDB/internal/memtable/snapshot.go:25.3,25.23 1 27
github.com/RUDRA-PRATAP-SINGH01/PebbleDB/internal/memtable/snapshot.go:27.2,27.12 1 2
github.com/RUDRA-PRATAP-SINGH01/PebbleDB/internal/wal/limits.go:29.41,36.2 1 28
github.com/RUDRA-PRATAP-SINGH01/PebbleDB/internal/wal/limits.go:39.51,41.24 2 15
github.com/RUDRA-PRATAP-SINGH01/PebbleDB/internal/wal/limits.go:41.24,43.3 1 0
github.com/RUDRA-PRATAP-SINGH01/PebbleDB/internal/wal/limits.go:44.2,44.23 1 15
github.com/RUDRA-PRATAP-SINGH01/PebbleDB/internal/wal/limits.go:44.23,46.3 1 0
github.com/RUDRA-PRATAP-SINGH01/PebbleDB/internal/wal/limits.go:47.2,47.25 1 15
github.com/RUDRA-PRATAP-SINGH01/PebbleDB/internal/wal/limits.go:47.25,49.3 1 0
github.com/RUDRA-PRATAP-SINGH01/PebbleDB/internal/wal/limits.go:50.2,50.26 1 15
github.com/RUDRA-PRATAP-SINGH01/PebbleDB/internal/wal/limits.go:50.26,52.3 1 0
github.com/RUDRA-PRATAP-SINGH01/PebbleDB/internal/wal/limits.go:53.2,53.10 1 15
github.com/RUDRA-PRATAP-SINGH01/PebbleDB/internal/wal/limits.go:56.69,57.27 1 24
github.com/RUDRA-PRATAP-SINGH01/PebbleDB/internal/wal/limits.go:57.27,59.3 1 1
github.com/RUDRA-PRATAP-SINGH01/PebbleDB/internal/wal/limits.go:60.2,60.31 1 23
github.com/RUDRA-PRATAP-SINGH01/PebbleDB/internal/wal/limits.go:60.31,62.3 1 0
github.com/RUDRA-PRATAP-SINGH01/PebbleDB/internal/wal/limits.go:63.2,64.39 2 23
github.com/RUDRA-PRATAP-SINGH01/PebbleDB/internal/wal/limits.go:64.39,66.3 1 0
github.com/RUDRA-PRATAP-SINGH01/PebbleDB/internal/wal/limits.go:67.2,67.12 1 23
github.com/RUDRA-PRATAP-SINGH01/PebbleDB/internal/wal/wal.go:31.38,33.2 1 7
github.com/RUDRA-PRATAP-SINGH01/PebbleDB/internal/wal/wal.go:36.69,38.16 2 8
github.com/RUDRA-PRATAP-SINGH01/PebbleDB/internal/wal/wal.go:38.16,40.3 1 0
github.com/RUDRA-PRATAP-SINGH01/PebbleDB/internal/wal/wal.go:41.2,41.70 1 8
github.com/RUDRA-PRATAP-SINGH01/PebbleDB/internal/wal/wal.go:46.40,51.2 4 12
github.com/RUDRA-PRATAP-SINGH01/PebbleDB/internal/wal/wal.go:56.51,57.23 1 1
github.com/RUDRA-PRATAP-SINGH01/PebbleDB/internal/wal/wal.go:57.23,59.3 1 0
github.com/RUDRA-PRATAP-SINGH01/PebbleDB/internal/wal/wal.go:60.2,62.30 3 1
github.com/RUDRA-PRATAP-SINGH01/PebbleDB/internal/wal/wal.go:62.30,63.54 1 3
github.com/RUDRA-PRATAP-SINGH01/PebbleDB/internal/wal/wal.go:63.54,65.4 1 0
github.com/RUDRA-PRATAP-SINGH01/PebbleDB/internal/wal/wal.go:67.2,67.22 1 1
github.com/RUDRA-PRATAP-SINGH01/PebbleDB/internal/wal/wal.go:70.59,72.16 2 15
github.com/RUDRA-PRATAP-SINGH01/PebbleDB/internal/wal/wal.go:72.16,74.3 1 1
github.com/RUDRA-PRATAP-SINGH01/PebbleDB/internal/wal/wal.go:75.2,76.15 2 14
github.com/RUDRA-PRATAP-SINGH01/PebbleDB/internal/wal/wal.go:79.68,82.80 3 15
github.com/RUDRA-PRATAP-SINGH01/PebbleDB/internal/wal/wal.go:82.80,84.3 1 1
github.com/RUDRA-PRATAP-SINGH01/PebbleDB/internal/wal/wal.go:86.2,87.19 2 14
github.com/RUDRA-PRATAP-SINGH01/PebbleDB/internal/wal/wal.go:87.19,89.3 1 2
github.com/RUDRA-PRATAP-SINGH01/PebbleDB/internal/wal/wal.go:91.2,99.17 9 14
github.com/RUDRA-PRATAP-SINGH01/PebbleDB/internal/wal/wal.go:103.28,107.2 3 6
github.com/RUDRA-PRATAP-SINGH01/PebbleDB/internal/wal/wal.go:110.29,114.2 3 8
github.com/RUDRA-PRATAP-SINGH01/PebbleDB/internal/wal/wal.go:118.55,120.2 1 4
github.com/RUDRA-PRATAP-SINGH01/PebbleDB/internal/wal/wal.go:124.86,127.2 2 5
github.com/RUDRA-PRATAP-SINGH01/PebbleDB/internal/wal/wal.go:132.120,136.16 3 7
github.com/RUDRA-PRATAP-SINGH01/PebbleDB/internal/wal/wal.go:136.16,137.25 1 0
github.com/RUDRA-PRATAP-SINGH01/PebbleDB/internal/wal/wal.go:137.25,139.4 1 0
github.com/RUDRA-PRATAP-SINGH01/PebbleDB/internal/wal/wal.go:140.3,140.16 1 0
github.com/RUDRA-PRATAP-SINGH01/PebbleDB/internal/wal/wal.go:142.2,145.16 3 7
github.com/RUDRA-PRATAP-SINGH01/PebbleDB/internal/wal/wal.go:145.16,147.3 1 0
github.com/RUDRA-PRATAP-SINGH01/PebbleDB/internal/wal/wal.go:148.2,148.36 1 7
github.com/RUDRA-PRATAP-SINGH01/PebbleDB/internal/wal/wal.go:148.36,150.3 1 0
github.com/RUDRA-PRATAP-SINGH01/PebbleDB/internal/wal/wal.go:151.2,151.29 1 7
github.com/RUDRA-PRATAP-SINGH01/PebbleDB/internal/wal/wal.go:151.29,153.3 1 0
github.com/RUDRA-PRATAP-SINGH01/PebbleDB/internal/wal/wal.go:154.2,154.61 1 7
github.com/RUDRA-PRATAP-SINGH01/PebbleDB/internal/wal/wal.go:154.61,156.3 1 0
github.com/RUDRA-PRATAP-SINGH01/PebbleDB/internal/wal/wal.go:158.2,159.6 2 7
github.com/RUDRA-PRATAP-SINGH01/PebbleDB/internal/wal/wal.go:159.6,161.17 2 16
github.com/RUDRA-PRATAP-SINGH01/PebbleDB/internal/wal/wal.go:161.17,163.4 1 0
github.com/RUDRA-PRATAP-SINGH01/PebbleDB/internal/wal/wal.go:165.3,166.20 2 16
github.com/RUDRA-PRATAP-SINGH01/PebbleDB/internal/wal/wal.go:166.20,167.9 1 5
github.com/RUDRA-PRATAP-SINGH01/PebbleDB/internal/wal/wal.go:169.3,169.33 1 11
github.com/RUDRA-PRATAP-SINGH01/PebbleDB/internal/wal/wal.go:169.33,170.57 1 1
github.com/RUDRA-PRATAP-SINGH01/PebbleDB/internal/wal/wal.go:170.57,172.5 1 0
github.com/RUDRA-PRATAP-SINGH01/PebbleDB/internal/wal/wal.go:173.4,173.9 1 1
github.com/RUDRA-PRATAP-SINGH01/PebbleDB/internal/wal/wal.go:175.3,175.17 1 10
github.com/RUDRA-PRATAP-SINGH01/PebbleDB/internal/wal/wal.go:175.17,177.4 1 1
github.com/RUDRA-PRATAP-SINGH01/PebbleDB/internal/wal/wal.go:178.3,179.33 2 9
github.com/RUDRA-PRATAP-SINGH01/PebbleDB/internal/wal/wal.go:179.33,181.4 1 0
github.com/RUDRA-PRATAP-SINGH01/PebbleDB/internal/wal/wal.go:183.2,183.22 1 6
github.com/RUDRA-PRATAP-SINGH01/PebbleDB/internal/wal/wal.go:186.76,188.16 2 16
github.com/RUDRA-PRATAP-SINGH01/PebbleDB/internal/wal/wal.go:188.16,190.3 1 0
github.com/RUDRA-PRATAP-SINGH01/PebbleDB/internal/wal/wal.go:192.2,193.66 2 16
github.com/RUDRA-PRATAP-SINGH01/PebbleDB/internal/wal/wal.go:193.66,195.3 1 5
github.com/RUDRA-PRATAP-SINGH01/PebbleDB/internal/wal/wal.go:196.2,196.32 1 11
github.com/RUDRA-PRATAP-SINGH01/PebbleDB/internal/wal/wal.go:196.32,198.3 1 1
github.com/RUDRA-PRATAP-SINGH01/PebbleDB/internal/wal/wal.go:200.2,201.47 2 10
github.com/RUDRA-PRATAP-SINGH01/PebbleDB/internal/wal/wal.go:201.47,203.3 1 1
github.com/RUDRA-PRATAP-SINGH01/PebbleDB/internal/wal/wal.go:205.2,206.68 2 9
github.com/RUDRA-PRATAP-SINGH01/PebbleDB/internal/wal/wal.go:206.68,208.3 1 0
github.com/RUDRA-PRATAP-SINGH01/PebbleDB/internal/wal/wal.go:209.2,209.36 1 9
github.com/RUDRA-PRATAP-SINGH01/PebbleDB/internal/wal/wal.go:209.36,211.3 1 0
github.com/RUDRA-PRATAP-SINGH01/PebbleDB/internal/wal/wal.go:212.2,212.64 1 9
github.com/RUDRA-PRATAP-SINGH01/PebbleDB/internal/wal/wal.go:212.64,214.3 1 0
github.com/RUDRA-PRATAP-SINGH01/PebbleDB/internal/wal/wal.go:216.2,217.49 2 9
github.com/RUDRA-PRATAP-SINGH01/PebbleDB/internal/wal/wal.go:217.49,219.3 1 0
github.com/RUDRA-PRATAP-SINGH01/PebbleDB/internal/wal/wal.go:221.2,222.68 2 9
github.com/RUDRA-PRATAP-SINGH01/PebbleDB/internal/wal/wal.go:222.68,224.3 1 0
github.com/RUDRA-PRATAP-SINGH01/PebbleDB/internal/wal/wal.go:226.2,227.68 2 9
github.com/RUDRA-PRATAP-SINGH01/PebbleDB/internal/wal/wal.go:227.68,229.3 1 0
github.com/RUDRA-PRATAP-SINGH01/PebbleDB/internal/wal/wal.go:231.2,232.16 2 9
github.com/RUDRA-PRATAP-SINGH01/PebbleDB/internal/wal/wal.go:232.16,234.3 1 0
github.com/RUDRA-PRATAP-SINGH01/PebbleDB/internal/wal/wal.go:236.2,242.41 7 9
github.com/RUDRA-PRATAP-SINGH01/PebbleDB/internal/wal/wal.go:242.41,244.3 1 0
github.com/RUDRA-PRATAP-SINGH01/PebbleDB/internal/wal/wal.go:246.2,250.21 1 9
github.com/RUDRA-PRATAP-SINGH01/PebbleDB/internal/wal/wal.go:253.55,254.49 1 1
github.com/RUDRA-PRATAP-SINGH01/PebbleDB/internal/wal/wal.go:254.49,256.3 1 1
github.com/RUDRA-PRATAP-SINGH01/PebbleDB/internal/wal/wal.go:257.2,258.12 2 0
github.com/RUDRA-PRATAP-SINGH01/PebbleDB/internal/wal/wal.go:262.40,266.16 4 2
github.com/RUDRA-PRATAP-SINGH01/PebbleDB/internal/wal/wal.go:266.16,268.3 1 0
github.com/RUDRA-PRATAP-SINGH01/PebbleDB/internal/wal/wal.go:269.2,269.25 1 2
github.com/RUDRA-PRATAP-SINGH01/PebbleDB/internal/wal/wal.go:273.37,277.16 4 3
github.com/RUDRA-PRATAP-SINGH01/PebbleDB/internal/wal/wal.go:277.16,279.3 1 0
github.com/RUDRA-PRATAP-SINGH01/PebbleDB/internal/wal/wal.go:280.2,280.23 1 3
github.com/RUDRA-PRATAP-SINGH01/PebbleDB/internal/wal/wal.go:284.32,286.2 1 1
github.com/RUDRA-PRATAP-SINGH01/PebbleDB/internal/wal/wal.go:290.54,294.21 3 2
github.com/RUDRA-PRATAP-SINGH01/PebbleDB/internal/wal/wal.go:294.21,296.3 1 0
github.com/RUDRA-PRATAP-SINGH01/PebbleDB/internal/wal/wal.go:298.2,298.38 1 2
github.com/RUDRA-PRATAP-SINGH01/PebbleDB/internal/wal/wal.go:298.38,300.3 1 0
github.com/RUDRA-PRATAP-SINGH01/PebbleDB/internal/wal/wal.go:302.2,303.16 2 2
github.com/RUDRA-PRATAP-SINGH01/PebbleDB/internal/wal/wal.go:303.16,305.3 1 0
github.com/RUDRA-PRATAP-SINGH01/PebbleDB/internal/wal/wal.go:306.2,307.24 2 2
github.com/RUDRA-PRATAP-SINGH01/PebbleDB/internal/wal/wal.go:307.24,309.3 1 1
github.com/RUDRA-PRATAP-SINGH01/PebbleDB/internal/wal/wal.go:311.2,312.39 2 1
github.com/RUDRA-PRATAP-SINGH01/PebbleDB/internal/wal/wal.go:312.39,314.3 1 0
github.com/RUDRA-PRATAP-SINGH01/PebbleDB/internal/wal/wal.go:316.2,317.16 2 1
github.com/RUDRA-PRATAP-SINGH01/PebbleDB/internal/wal/wal.go:317.16,319.3 1 0
github.com/RUDRA-PRATAP-SINGH01/PebbleDB/internal/wal/wal.go:321.2,323.33 3 1
github.com/RUDRA-PRATAP-SINGH01/PebbleDB/internal/wal/wal.go:323.33,325.14 2 1
github.com/RUDRA-PRATAP-SINGH01/PebbleDB/internal/wal/wal.go:325.14,327.4 1 1
github.com/RUDRA-PRATAP-SINGH01/PebbleDB/internal/wal/wal.go:328.3,331.34 4 1
github.com/RUDRA-PRATAP-SINGH01/PebbleDB/internal/wal/wal.go:331.34,334.4 2 0
github.com/RUDRA-PRATAP-SINGH01/PebbleDB/internal/wal/wal.go:335.3,335.17 1 1
github.com/RUDRA-PRATAP-SINGH01/PebbleDB/internal/wal/wal.go:335.17,338.4 2 0
github.com/RUDRA-PRATAP-SINGH01/PebbleDB/internal/wal/wal.go:339.3,339.59 1 1
github.com/RUDRA-PRATAP-SINGH01/PebbleDB/internal/wal/wal.go:339.59,342.4 2 0
github.com/RUDRA-PRATAP-SINGH01/PebbleDB/internal/wal/wal.go:343.3,343.22 1 1
github.com/RUDRA-PRATAP-SINGH01/PebbleDB/internal/wal/wal.go:346.2,346.46 1 1
github.com/RUDRA-PRATAP-SINGH01/PebbleDB/internal/wal/wal.go:346.46,349.3 2 0
github.com/RUDRA-PRATAP-SINGH01/PebbleDB/internal/wal/wal.go:350.2,350.34 1 1
github.com/RUDRA-PRATAP-SINGH01/PebbleDB/internal/wal/wal.go:350.34,352.3 1 0
github.com/RUDRA-PRATAP-SINGH01/PebbleDB/internal/wal/wal.go:353.2,353.25 1 1
github.com/RUDRA-PRATAP-SINGH01/PebbleDB/internal/wal/wal.go:356.36,358.16 2 1
github.com/RUDRA-PRATAP-SINGH01/PebbleDB/internal/wal/wal.go:358.16,360.3 1 0
github.com/RUDRA-PRATAP-SINGH01/PebbleDB/internal/wal/wal.go:361.2,363.12 3 1
github.com/RUDRA-PRATAP-SINGH01/PebbleDB/internal/wal/wal.go:366.63,367.41 1 0
github.com/RUDRA-PRATAP-SINGH01/PebbleDB/internal/wal/wal.go:367.41,369.3 1 0
github.com/RUDRA-PRATAP-SINGH01/PebbleDB/internal/wal/wal.go:370.2,370.14 1 0
github.com/RUDRA-PRATAP-SINGH01/PebbleDB/internal/wal/wal.go:373.35,374.39 1 1
github.com/RUDRA-PRATAP-SINGH01/PebbleDB/internal/wal/wal.go:374.39,376.3 1 0
github.com/RUDRA-PRATAP-SINGH01/PebbleDB/internal/wal/wal.go:377.2,377.47 1 1
github.com/RUDRA-PRATAP-SINGH01/PebbleDB/internal/wal/wal.go:377.47,379.3 1 0
github.com/RUDRA-PRATAP-SINGH01/PebbleDB/internal/wal/wal.go:380.2,381.16 2 1
github.com/RUDRA-PRATAP-SINGH01/PebbleDB/internal/wal/wal.go:381.16,383.3 1 0
github.com/RUDRA-PRATAP-SINGH01/PebbleDB/internal/wal/wal.go:384.2,385.12 2 1
github.com/RUDRA-PRATAP-SINGH01/PebbleDB/internal/manifest/format.go:15.42,23.2 7 12
github.com/RUDRA-PRATAP-SINGH01/PebbleDB/internal/manifest/format.go:25.41,30.2 4 10
github.com/RUDRA-PRATAP-SINGH01/PebbleDB/internal/manifest/format.go:32.44,36.25 4 2
github.com/RUDRA-PRATAP-SINGH01/PebbleDB/internal/manifest/format.go:36.25,38.3 1 6
github.com/RUDRA-PRATAP-SINGH01/PebbleDB/internal/manifest/format.go:39.2,39.30 1 2
github.com/RUDRA-PRATAP-SINGH01/PebbleDB/internal/manifest/format.go:42.60,43.19 1 7
github.com/RUDRA-PRATAP-SINGH01/PebbleDB/internal/manifest/format.go:43.19,45.3 1 0
github.com/RUDRA-PRATAP-SINGH01/PebbleDB/internal/manifest/format.go:46.2,47.19 2 7
github.com/RUDRA-PRATAP-SINGH01/PebbleDB/internal/manifest/format.go:47.19,49.3 1 0
github.com/RUDRA-PRATAP-SINGH01/PebbleDB/internal/manifest/format.go:50.2,51.23 2 7
github.com/RUDRA-PRATAP-SINGH01/PebbleDB/internal/manifest/format.go:51.23,53.3 1 0
github.com/RUDRA-PRATAP-SINGH01/PebbleDB/internal/manifest/format.go:54.2,56.45 3 7
github.com/RUDRA-PRATAP-SINGH01/PebbleDB/internal/manifest/format.go:56.45,58.3 1 0
github.com/RUDRA-PRATAP-SINGH01/PebbleDB/internal/manifest/format.go:59.2,59.21 1 7
github.com/RUDRA-PRATAP-SINGH01/PebbleDB/internal/manifest/format.go:62.67,63.22 1 7
github.com/RUDRA-PRATAP-SINGH01/PebbleDB/internal/manifest/format.go:63.22,65.3 1 0
github.com/RUDRA-PRATAP-SINGH01/PebbleDB/internal/manifest/format.go:66.2,66.20 1 7
github.com/RUDRA-PRATAP-SINGH01/PebbleDB/internal/manifest/format.go:67.18,68.23 1 5
github.com/RUDRA-PRATAP-SINGH01/PebbleDB/internal/manifest/format.go:68.23,70.4 1 0
github.com/RUDRA-PRATAP-SINGH01/PebbleDB/internal/manifest/format.go:71.3,72.27 2 5
github.com/RUDRA-PRATAP-SINGH01/PebbleDB/internal/manifest/format.go:73.21,74.23 1 0
github.com/RUDRA-PRATAP-SINGH01/PebbleDB/internal/manifest/format.go:74.23,76.4 1 0
github.com/RUDRA-PRATAP-SINGH01/PebbleDB/internal/manifest/format.go:77.3,78.22 2 0
github.com/RUDRA-PRATAP-SINGH01/PebbleDB/internal/manifest/format.go:79.21,80.23 1 2
github.com/RUDRA-PRATAP-SINGH01/PebbleDB/internal/manifest/format.go:80.23,82.4 1 0
github.com/RUDRA-PRATAP-SINGH01/PebbleDB/internal/manifest/format.go:83.3,85.26 3 2
github.com/RUDRA-PRATAP-SINGH01/PebbleDB/internal/manifest/format.go:85.26,87.4 1 0
github.com/RUDRA-PRATAP-SINGH01/PebbleDB/internal/manifest/format.go:88.3,89.38 2 2
github.com/RUDRA-PRATAP-SINGH01/PebbleDB/internal/manifest/format.go:89.38,92.4 2 6
github.com/RUDRA-PRATAP-SINGH01/PebbleDB/internal/manifest/format.go:93.3,94.24 2 2
github.com/RUDRA-PRATAP-SINGH01/PebbleDB/internal/manifest/format.go:94.24,96.4 1 6
github.com/RUDRA-PRATAP-SINGH01/PebbleDB/internal/manifest/format.go:97.10,98.29 1 0
github.com/RUDRA-PRATAP-SINGH01/PebbleDB/internal/manifest/format.go:100.2,100.12 1 7
github.com/RUDRA-PRATAP-SINGH01/PebbleDB/internal/manifest/manifest.go:35.37,36.47 1 8
github.com/RUDRA-PRATAP-SINGH01/PebbleDB/internal/manifest/manifest.go:36.47,38.3 1 0
github.com/RUDRA-PRATAP-SINGH01/PebbleDB/internal/manifest/manifest.go:40.2,41.16 2 8
github.com/RUDRA-PRATAP-SINGH01/PebbleDB/internal/manifest/manifest.go:41.16,43.3 1 0
github.com/RUDRA-PRATAP-SINGH01/PebbleDB/internal/manifest/manifest.go:44.2,44.24 1 8
github.com/RUDRA-PRATAP-SINGH01/PebbleDB/internal/manifest/manifest.go:44.24,46.57 2 5
github.com/RUDRA-PRATAP-SINGH01/PebbleDB/internal/manifest/manifest.go:46.57,48.4 1 0
github.com/RUDRA-PRATAP-SINGH01/PebbleDB/internal/manifest/manifest.go:51.2,53.16 3 8
github.com/RUDRA-PRATAP-SINGH01/PebbleDB/internal/manifest/manifest.go:53.16,55.3 1 0
github.com/RUDRA-PRATAP-SINGH01/PebbleDB/internal/manifest/manifest.go:57.2,63.35 2 8
github.com/RUDRA-PRATAP-SINGH01/PebbleDB/internal/manifest/manifest.go:63.35,66.3 2 0
github.com/RUDRA-PRATAP-SINGH01/PebbleDB/internal/manifest/manifest.go:67.2,67.15 1 8
github.com/RUDRA-PRATAP-SINGH01/PebbleDB/internal/manifest/manifest.go:70.54,73.16 3 9
github.com/RUDRA-PRATAP-SINGH01/PebbleDB/internal/manifest/manifest.go:73.16,74.25 1 5
github.com/RUDRA-PRATAP-SINGH01/PebbleDB/internal/manifest/manifest.go:74.25,76.4 1 5
github.com/RUDRA-PRATAP-SINGH01/PebbleDB/internal/manifest/manifest.go:77.3,77.17 1 0
github.com/RUDRA-PRATAP-SINGH01/PebbleDB/internal/manifest/manifest.go:79.2,79.45 1 4
github.com/RUDRA-PRATAP-SINGH01/PebbleDB/internal/manifest/manifest.go:82.51,86.16 4 6
github.com/RUDRA-PRATAP-SINGH01/PebbleDB/internal/manifest/manifest.go:86.16,88.3 1 0
github.com/RUDRA-PRATAP-SINGH01/PebbleDB/internal/manifest/manifest.go:89.2,90.44 2 6
github.com/RUDRA-PRATAP-SINGH01/PebbleDB/internal/manifest/manifest.go:90.44,94.3 3 0
github.com/RUDRA-PRATAP-SINGH01/PebbleDB/internal/manifest/manifest.go:95.2,95.33 1 6
github.com/RUDRA-PRATAP-SINGH01/PebbleDB/internal/manifest/manifest.go:95.33,99.3 3 0
github.com/RUDRA-PRATAP-SINGH01/PebbleDB/internal/manifest/manifest.go:100.2,100.34 1 6
github.com/RUDRA-PRATAP-SINGH01/PebbleDB/internal/manifest/manifest.go:100.34,103.3 2 0
github.com/RUDRA-PRATAP-SINGH01/PebbleDB/internal/manifest/manifest.go:104.2,104.40 1 6
github.com/RUDRA-PRATAP-SINGH01/PebbleDB/internal/manifest/manifest.go:107.30,108.56 1 8
github.com/RUDRA-PRATAP-SINGH01/PebbleDB/internal/manifest/manifest.go:108.56,110.3 1 0
github.com/RUDRA-PRATAP-SINGH01/PebbleDB/internal/manifest/manifest.go:112.2,113.6 2 8
github.com/RUDRA-PRATAP-SINGH01/PebbleDB/internal/manifest/manifest.go:113.6,115.17 2 12
github.com/RUDRA-PRATAP-SINGH01/PebbleDB/internal/manifest/manifest.go:115.17,117.4 1 0
github.com/RUDRA-PRATAP-SINGH01/PebbleDB/internal/manifest/manifest.go:119.3,121.20 3 12
github.com/RUDRA-PRATAP-SINGH01/PebbleDB/internal/manifest/manifest.go:121.20,122.9 1 7
github.com/RUDRA-PRATAP-SINGH01/PebbleDB/internal/manifest/manifest.go:124.3,124.17 1 5
github.com/RUDRA-PRATAP-SINGH01/PebbleDB/internal/manifest/manifest.go:124.17,126.4 1 0
github.com/RUDRA-PRATAP-SINGH01/PebbleDB/internal/manifest/manifest.go:128.3,129.20 2 5
github.com/RUDRA-PRATAP-SINGH01/PebbleDB/internal/manifest/manifest.go:129.20,131.4 1 1
github.com/RUDRA-PRATAP-SINGH01/PebbleDB/internal/manifest/manifest.go:133.3,134.54 2 4
github.com/RUDRA-PRATAP-SINGH01/PebbleDB/internal/manifest/manifest.go:134.54,136.4 1 0
github.com/RUDRA-PRATAP-SINGH01/PebbleDB/internal/manifest/manifest.go:138.3,140.17 3 4
github.com/RUDRA-PRATAP-SINGH01/PebbleDB/internal/manifest/manifest.go:140.17,142.4 1 0
github.com/RUDRA-PRATAP-SINGH01/PebbleDB/internal/manifest/manifest.go:143.3,143.55 1 4
github.com/RUDRA-PRATAP-SINGH01/PebbleDB/internal/manifest/manifest.go:143.55,145.4 1 0
github.com/RUDRA-PRATAP-SINGH01/PebbleDB/internal/manifest/manifest.go:146.3,147.46 2 4
github.com/RUDRA-PRATAP-SINGH01/PebbleDB/internal/manifest/manifest.go:150.2,151.16 2 7
github.com/RUDRA-PRATAP-SINGH01/PebbleDB/internal/manifest/manifest.go:151.16,153.3 1 0
github.com/RUDRA-PRATAP-SINGH01/PebbleDB/internal/manifest/manifest.go:154.2,154.20 1 7
github.com/RUDRA-PRATAP-SINGH01/PebbleDB/internal/manifest/manifest.go:154.20,155.48 1 0
github.com/RUDRA-PRATAP-SINGH01/PebbleDB/internal/manifest/manifest.go:155.48,157.4 1 0
github.com/RUDRA-PRATAP-SINGH01/PebbleDB/internal/manifest/manifest.go:159.2,159.12 1 7
github.com/RUDRA-PRATAP-SINGH01/PebbleDB/internal/manifest/manifest.go:164.48,165.38 1 1
github.com/RUDRA-PRATAP-SINGH01/PebbleDB/internal/manifest/manifest.go:165.38,167.3 1 0
github.com/RUDRA-PRATAP-SINGH01/PebbleDB/internal/manifest/manifest.go:168.2,169.16 2 1
github.com/RUDRA-PRATAP-SINGH01/PebbleDB/internal/manifest/manifest.go:169.16,171.3 1 0
github.com/RUDRA-PRATAP-SINGH01/PebbleDB/internal/manifest/manifest.go:172.2,172.27 1 1
github.com/RUDRA-PRATAP-SINGH01/PebbleDB/internal/manifest/manifest.go:172.27,175.3 2 0
github.com/RUDRA-PRATAP-SINGH01/PebbleDB/internal/manifest/manifest.go:176.2,176.39 1 1
github.com/RUDRA-PRATAP-SINGH01/PebbleDB/internal/manifest/manifest.go:176.39,178.3 1 0
github.com/RUDRA-PRATAP-SINGH01/PebbleDB/internal/manifest/manifest.go:179.2,179.54 1 1
github.com/RUDRA-PRATAP-SINGH01/PebbleDB/internal/manifest/manifest.go:179.54,181.3 1 0
github.com/RUDRA-PRATAP-SINGH01/PebbleDB/internal/manifest/manifest.go:182.2,183.16 2 1
github.com/RUDRA-PRATAP-SINGH01/PebbleDB/internal/manifest/manifest.go:183.16,185.3 1 0
github.com/RUDRA-PRATAP-SINGH01/PebbleDB/internal/manifest/manifest.go:186.2,188.12 3 1
github.com/RUDRA-PRATAP-SINGH01/PebbleDB/internal/manifest/manifest.go:191.70,192.53 1 1
github.com/RUDRA-PRATAP-SINGH01/PebbleDB/internal/manifest/manifest.go:192.53,194.3 1 0
github.com/RUDRA-PRATAP-SINGH01/PebbleDB/internal/manifest/manifest.go:195.2,195.31 1 1
github.com/RUDRA-PRATAP-SINGH01/PebbleDB/internal/manifest/manifest.go:199.34,203.28 4 3
github.com/RUDRA-PRATAP-SINGH01/PebbleDB/internal/manifest/manifest.go:203.28,205.3 1 8
github.com/RUDRA-PRATAP-SINGH01/PebbleDB/internal/manifest/manifest.go:206.2,206.38 1 3
github.com/RUDRA-PRATAP-SINGH01/PebbleDB/internal/manifest/manifest.go:206.38,206.64 1 10
github.com/RUDRA-PRATAP-SINGH01/PebbleDB/internal/manifest/manifest.go:207.2,207.12 1 3
github.com/RUDRA-PRATAP-SINGH01/PebbleDB/internal/manifest/manifest.go:211.49,212.47 1 10
github.com/RUDRA-PRATAP-SINGH01/PebbleDB/internal/manifest/manifest.go:212.47,214.3 1 10
github.com/RUDRA-PRATAP-SINGH01/PebbleDB/internal/manifest/manifest.go:218.52,220.41 2 1
github.com/RUDRA-PRATAP-SINGH01/PebbleDB/internal/manifest/manifest.go:220.41,220.73 1 0
github.com/RUDRA-PRATAP-SINGH01/PebbleDB/internal/manifest/manifest.go:221.2,221.51 1 1
github.com/RUDRA-PRATAP-SINGH01/PebbleDB/internal/manifest/manifest.go:221.51,223.29 2 1
github.com/RUDRA-PRATAP-SINGH01/PebbleDB/internal/manifest/manifest.go:223.29,225.4 1 1
github.com/RUDRA-PRATAP-SINGH01/PebbleDB/internal/manifest/manifest.go:231.52,235.29 4 0
github.com/RUDRA-PRATAP-SINGH01/PebbleDB/internal/manifest/manifest.go:235.29,237.3 1 0
github.com/RUDRA-PRATAP-SINGH01/PebbleDB/internal/manifest/manifest.go:238.2,238.32 1 0
github.com/RUDRA-PRATAP-SINGH01/PebbleDB/internal/manifest/manifest.go:241.57,245.48 3 11
github.com/RUDRA-PRATAP-SINGH01/PebbleDB/internal/manifest/manifest.go:245.48,247.3 1 0
github.com/RUDRA-PRATAP-SINGH01/PebbleDB/internal/manifest/manifest.go:248.2,248.38 1 11
github.com/RUDRA-PRATAP-SINGH01/PebbleDB/internal/manifest/manifest.go:248.38,250.3 1 0
github.com/RUDRA-PRATAP-SINGH01/PebbleDB/internal/manifest/manifest.go:251.2,253.12 3 11
github.com/RUDRA-PRATAP-SINGH01/PebbleDB/internal/manifest/manifest.go:258.36,262.11 4 1
github.com/RUDRA-PRATAP-SINGH01/PebbleDB/internal/manifest/manifest.go:262.11,263.43 1 0
github.com/RUDRA-PRATAP-SINGH01/PebbleDB/internal/manifest/manifest.go:263.43,266.4 2 0
github.com/RUDRA-PRATAP-SINGH01/PebbleDB/internal/manifest/manifest.go:268.2,268.11 1 1
github.com/RUDRA-PRATAP-SINGH01/PebbleDB/internal/manifest/manifest.go:268.11,271.3 2 0
github.com/RUDRA-PRATAP-SINGH01/PebbleDB/internal/manifest/manifest.go:272.2,273.28 2 1
github.com/RUDRA-PRATAP-SINGH01/PebbleDB/internal/manifest/manifest.go:273.28,275.3 1 5
github.com/RUDRA-PRATAP-SINGH01/PebbleDB/internal/manifest/manifest.go:276.2,276.38 1 1
github.com/RUDRA-PRATAP-SINGH01/PebbleDB/internal/manifest/manifest.go:276.38,276.64 1 7
github.com/RUDRA-PRATAP-SINGH01/PebbleDB/internal/manifest/manifest.go:277.2,280.39 3 1
github.com/RUDRA-PRATAP-SINGH01/PebbleDB/internal/manifest/manifest.go:283.66,285.16 2 1
github.com/RUDRA-PRATAP-SINGH01/PebbleDB/internal/manifest/manifest.go:285.16,287.3 1 0
github.com/RUDRA-PRATAP-SINGH01/PebbleDB/internal/manifest/manifest.go:288.2,292.16 4 1
github.com/RUDRA-PRATAP-SINGH01/PebbleDB/internal/manifest/manifest.go:292.16,294.3 1 0
github.com/RUDRA-PRATAP-SINGH01/PebbleDB/internal/manifest/manifest.go:295.2,295.43 1 1
github.com/RUDRA-PRATAP-SINGH01/PebbleDB/internal/manifest/manifest.go:295.43,299.3 3 0
github.com/RUDRA-PRATAP-SINGH01/PebbleDB/internal/manifest/manifest.go:300.2,300.33 1 1
github.com/RUDRA-PRATAP-SINGH01/PebbleDB/internal/manifest/manifest.go:300.33,304.3 3 0
github.com/RUDRA-PRATAP-SINGH01/PebbleDB/internal/manifest/manifest.go:305.2,305.34 1 1
github.com/RUDRA-PRATAP-SINGH01/PebbleDB/internal/manifest/manifest.go:305.34,308.3 2 0
github.com/RUDRA-PRATAP-SINGH01/PebbleDB/internal/manifest/manifest.go:309.2,309.53 1 1
github.com/RUDRA-PRATAP-SINGH01/PebbleDB/internal/manifest/manifest.go:309.53,312.3 2 0
github.com/RUDRA-PRATAP-SINGH01/PebbleDB/internal/manifest/manifest.go:314.2,316.19 3 1
github.com/RUDRA-PRATAP-SINGH01/PebbleDB/internal/manifest/manifest.go:316.19,318.3 1 1
github.com/RUDRA-PRATAP-SINGH01/PebbleDB/internal/manifest/manifest.go:319.2,320.16 2 1
github.com/RUDRA-PRATAP-SINGH01/PebbleDB/internal/manifest/manifest.go:320.16,322.3 1 0
github.com/RUDRA-PRATAP-SINGH01/PebbleDB/internal/manifest/manifest.go:323.2,326.24 4 1
github.com/RUDRA-PRATAP-SINGH01/PebbleDB/internal/manifest/manifest.go:326.24,328.3 1 1
github.com/RUDRA-PRATAP-SINGH01/PebbleDB/internal/manifest/manifest.go:329.2,329.12 1 1
github.com/RUDRA-PRATAP-SINGH01/PebbleDB/internal/manifest/manifest.go:332.55,334.46 2 1
github.com/RUDRA-PRATAP-SINGH01/PebbleDB/internal/manifest/manifest.go:334.46,336.3 1 0
github.com/RUDRA-PRATAP-SINGH01/PebbleDB/internal/manifest/manifest.go:337.2,339.26 3 1
github.com/RUDRA-PRATAP-SINGH01/PebbleDB/internal/manifest/manifest.go:339.26,341.3 1 0
github.com/RUDRA-PRATAP-SINGH01/PebbleDB/internal/manifest/manifest.go:342.2,342.56 1 1
github.com/RUDRA-PRATAP-SINGH01/PebbleDB/internal/manifest/manifest.go:346.29,349.19 3 8
github.com/RUDRA-PRATAP-SINGH01/PebbleDB/internal/manifest/manifest.go:349.19,351.3 1 0
github.com/RUDRA-PRATAP-SINGH01/PebbleDB/internal/manifest/manifest.go:352.2,354.12 3 8
github.com/RUDRA-PRATAP-SINGH01/PebbleDB/internal/manifest/manifest.go:358.48,360.16 2 1
github.com/RUDRA-PRATAP-SINGH01/PebbleDB/internal/manifest/manifest.go:360.16,362.3 1 0
github.com/RUDRA-PRATAP-SINGH01/PebbleDB/internal/manifest/manifest.go:363.2,365.22 3 1
github.com/RUDRA-PRATAP-SINGH01/PebbleDB/internal/manifest/manifest.go:365.22,366.24 1 3
github.com/RUDRA-PRATAP-SINGH01/PebbleDB/internal/manifest/manifest.go:366.24,368.4 1 0
github.com/RUDRA-PRATAP-SINGH01/PebbleDB/internal/manifest/manifest.go:369.3,371.28 3 3
github.com/RUDRA-PRATAP-SINGH01/PebbleDB/internal/manifest/manifest.go:371.28,373.4 1 0
github.com/RUDRA-PRATAP-SINGH01/PebbleDB/internal/manifest/manifest.go:374.3,375.17 2 3
github.com/RUDRA-PRATAP-SINGH01/PebbleDB/internal/manifest/manifest.go:375.17,377.4 1 0
github.com/RUDRA-PRATAP-SINGH01/PebbleDB/internal/manifest/manifest.go:378.3,378.53 1 3
github.com/RUDRA-PRATAP-SINGH01/PebbleDB/internal/manifest/manifest.go:378.53,380.4 1 0
github.com/RUDRA-PRATAP-SINGH01/PebbleDB/internal/manifest/manifest.go:381.3,381.15 1 3
github.com/RUDRA-PRATAP-SINGH01/PebbleDB/internal/manifest/manifest.go:383.2,384.26 2 1
github.com/RUDRA-PRATAP-SINGH01/PebbleDB/internal/manifest/manifest.go:384.26,386.3 1 1
github.com/RUDRA-PRATAP-SINGH01/PebbleDB/internal/manifest/manifest.go:387.2,387.38 1 1
github.com/RUDRA-PRATAP-SINGH01/PebbleDB/internal/manifest/manifest.go:387.38,387.64 1 0
github.com/RUDRA-PRATAP-SINGH01/PebbleDB/internal/manifest/manifest.go:388.2,388.17 1 1
github.com/RUDRA-PRATAP-SINGH01/PebbleDB/internal/manifest/manifest.go:392.40,397.2 4 0
github.com/RUDRA-PRATAP-SINGH01/PebbleDB/internal/db/batch.go:18.41,20.2 1 502
github.com/RUDRA-PRATAP-SINGH01/PebbleDB/internal/db/batch.go:23.45,25.20 2 499
github.com/RUDRA-PRATAP-SINGH01/PebbleDB/internal/db/batch.go:25.20,27.3 1 499
github.com/RUDRA-PRATAP-SINGH01/PebbleDB/internal/db/batch.go:28.2,28.22 1 499
github.com/RUDRA-PRATAP-SINGH01/PebbleDB/internal/db/batch.go:28.22,30.3 1 491
github.com/RUDRA-PRATAP-SINGH01/PebbleDB/internal/db/batch.go:31.2,31.12 1 499
github.com/RUDRA-PRATAP-SINGH01/PebbleDB/internal/db/batch.go:34.52,35.19 1 495
github.com/RUDRA-PRATAP-SINGH01/PebbleDB/internal/db/batch.go:35.19,37.3 1 8
github.com/RUDRA-PRATAP-SINGH01/PebbleDB/internal/db/batch.go:37.8,39.3 1 487
github.com/RUDRA-PRATAP-SINGH01/PebbleDB/internal/db/batch.go:44.50,45.31 1 285
github.com/RUDRA-PRATAP-SINGH01/PebbleDB/internal/db/batch.go:45.31,47.3 1 0
github.com/RUDRA-PRATAP-SINGH01/PebbleDB/internal/db/batch.go:48.2,51.14 4 285
github.com/RUDRA-PRATAP-SINGH01/PebbleDB/internal/db/batch.go:56.60,58.28 2 3
github.com/RUDRA-PRATAP-SINGH01/PebbleDB/internal/db/batch.go:58.28,60.3 1 3
github.com/RUDRA-PRATAP-SINGH01/PebbleDB/internal/db/batch.go:63.42,64.26 1 498
github.com/RUDRA-PRATAP-SINGH01/PebbleDB/internal/db/batch.go:64.26,65.58 1 39
github.com/RUDRA-PRATAP-SINGH01/PebbleDB/internal/db/batch.go:65.58,66.11 1 266
github.com/RUDRA-PRATAP-SINGH01/PebbleDB/internal/db/batch.go:67.39,67.39 0 265
github.com/RUDRA-PRATAP-SINGH01/PebbleDB/internal/db/batch.go:68.12,68.12 0 1
github.com/RUDRA-PRATAP-SINGH01/PebbleDB/internal/db/batch.go:71.3,71.9 1 39
github.com/RUDRA-PRATAP-SINGH01/PebbleDB/internal/db/batch.go:73.2,73.38 1 459
github.com/RUDRA-PRATAP-SINGH01/PebbleDB/internal/db/batch.go:76.30,79.6 2 61
github.com/RUDRA-PRATAP-SINGH01/PebbleDB/internal/db/batch.go:79.6,80.10 1 572
github.com/RUDRA-PRATAP-SINGH01/PebbleDB/internal/db/batch.go:81.23,83.10 2 52
github.com/RUDRA-PRATAP-SINGH01/PebbleDB/internal/db/batch.go:84.34,85.35 1 251
github.com/RUDRA-PRATAP-SINGH01/PebbleDB/internal/db/batch.go:86.26,87.30 1 264
github.com/RUDRA-PRATAP-SINGH01/PebbleDB/internal/db/batch.go:93.41,97.2 3 251
github.com/RUDRA-PRATAP-SINGH01/PebbleDB/internal/db/batch.go:101.41,103.31 2 671
github.com/RUDRA-PRATAP-SINGH01/PebbleDB/internal/db/batch.go:103.31,106.3 2 386
github.com/RUDRA-PRATAP-SINGH01/PebbleDB/internal/db/batch.go:107.2,110.50 3 285
github.com/RUDRA-PRATAP-SINGH01/PebbleDB/internal/db/batch.go:110.50,116.3 5 3
github.com/RUDRA-PRATAP-SINGH01/PebbleDB/internal/db/batch.go:118.2,119.28 2 278
github.com/RUDRA-PRATAP-SINGH01/PebbleDB/internal/db/batch.go:119.28,121.3 1 495
github.com/RUDRA-PRATAP-SINGH01/PebbleDB/internal/db/batch.go:122.2,125.16 4 278
github.com/RUDRA-PRATAP-SINGH01/PebbleDB/internal/db/batch.go:125.16,127.3 1 0
github.com/RUDRA-PRATAP-SINGH01/PebbleDB/internal/db/batch.go:128.2,128.17 1 278
github.com/RUDRA-PRATAP-SINGH01/PebbleDB/internal/db/batch.go:128.17,130.3 1 214
github.com/RUDRA-PRATAP-SINGH01/PebbleDB/internal/db/batch.go:131.2,131.12 1 278
github.com/RUDRA-PRATAP-SINGH01/PebbleDB/internal/db/batch.go:134.34,135.25 1 52
github.com/RUDRA-PRATAP-SINGH01/PebbleDB/internal/db/batch.go:135.25,137.3 1 0
github.com/RUDRA-PRATAP-SINGH01/PebbleDB/internal/db/batch.go:138.2,140.20 3 52
github.com/RUDRA-PRATAP-SINGH01/PebbleDB/internal/db/batch.go:143.83,144.39 1 29
github.com/RUDRA-PRATAP-SINGH01/PebbleDB/internal/db/batch.go:144.39,146.33 2 6
github.com/RUDRA-PRATAP-SINGH01/PebbleDB/internal/db/batch.go:146.33,147.12 1 0
github.com/RUDRA-PRATAP-SINGH01/PebbleDB/internal/db/batch.go:149.3,149.20 1 6
github.com/RUDRA-PRATAP-SINGH01/PebbleDB/internal/db/batch.go:149.20,151.4 1 1
github.com/RUDRA-PRATAP-SINGH01/PebbleDB/internal/db/batch.go:152.3,152.57 1 5
github.com/RUDRA-PRATAP-SINGH01/PebbleDB/internal/db/batch.go:154.2,154.27 1 23
github.com/RUDRA-PRATAP-SINGH01/PebbleDB/internal/db/batch.go:157.72,158.21 1 9
github.com/RUDRA-PRATAP-SINGH01/PebbleDB/internal/db/batch.go:158.21,160.3 1 2
github.com/RUDRA-PRATAP-SINGH01/PebbleDB/internal/db/batch.go:161.2,166.28 3 7
github.com/RUDRA-PRATAP-SINGH01/PebbleDB/internal/db/batch.go:166.28,168.3 1 62
github.com/RUDRA-PRATAP-SINGH01/PebbleDB/internal/db/batch.go:169.2,170.23 2 7
github.com/RUDRA-PRATAP-SINGH01/PebbleDB/internal/db/batch.go:170.23,172.3 1 37
github.com/RUDRA-PRATAP-SINGH01/PebbleDB/internal/db/batch.go:173.2,176.25 3 7
github.com/RUDRA-PRATAP-SINGH01/PebbleDB/internal/db/batch.go:176.25,182.21 3 37
github.com/RUDRA-PRATAP-SINGH01/PebbleDB/internal/db/batch.go:182.21,184.4 1 36
github.com/RUDRA-PRATAP-SINGH01/PebbleDB/internal/db/batch.go:185.3,185.13 1 37
github.com/RUDRA-PRATAP-SINGH01/PebbleDB/internal/db/batch.go:187.2,187.12 1 7
github.com/RUDRA-PRATAP-SINGH01/PebbleDB/internal/db/bg_errors.go:21.50,23.2 1 63
github.com/RUDRA-PRATAP-SINGH01/PebbleDB/internal/db/bg_errors.go:25.54,26.16 1 13
github.com/RUDRA-PRATAP-SINGH01/PebbleDB/internal/db/bg_errors.go:26.16,28.3 1 0
github.com/RUDRA-PRATAP-SINGH01/PebbleDB/internal/db/bg_errors.go:29.2,31.23 3 13
github.com/RUDRA-PRATAP-SINGH01/PebbleDB/internal/db/bg_errors.go:34.47,38.2 3 305
github.com/RUDRA-PRATAP-SINGH01/PebbleDB/internal/db/bg_errors.go:40.37,42.2 1 237
github.com/RUDRA-PRATAP-SINGH01/PebbleDB/internal/db/bg_errors.go:44.45,46.2 1 541
github.com/RUDRA-PRATAP-SINGH01/PebbleDB/internal/db/bg_errors.go:48.67,51.22 3 778
github.com/RUDRA-PRATAP-SINGH01/PebbleDB/internal/db/bg_errors.go:51.22,53.3 1 766
github.com/RUDRA-PRATAP-SINGH01/PebbleDB/internal/db/bg_errors.go:55.2,56.25 2 12
github.com/RUDRA-PRATAP-SINGH01/PebbleDB/internal/db/bg_errors.go:56.25,57.18 1 13
github.com/RUDRA-PRATAP-SINGH01/PebbleDB/internal/db/bg_errors.go:57.18,58.30 1 9
github.com/RUDRA-PRATAP-SINGH01/PebbleDB/internal/db/bg_errors.go:58.30,59.13 1 4
github.com/RUDRA-PRATAP-SINGH01/PebbleDB/internal/db/bg_errors.go:62.3,62.24 1 9
github.com/RUDRA-PRATAP-SINGH01/PebbleDB/internal/db/bg_errors.go:64.2,64.19 1 12
github.com/RUDRA-PRATAP-SINGH01/PebbleDB/internal/db/bg_errors.go:64.19,66.3 1 4
github.com/RUDRA-PRATAP-SINGH01/PebbleDB/internal/db/bg_errors.go:67.2,70.25 3 8
github.com/RUDRA-PRATAP-SINGH01/PebbleDB/internal/db/bg_errors.go:70.25,72.3 1 9
github.com/RUDRA-PRATAP-SINGH01/PebbleDB/internal/db/bg_errors.go:73.2,73.15 1 8
github.com/RUDRA-PRATAP-SINGH01/PebbleDB/internal/db/close.go:17.29,19.15 2 52
github.com/RUDRA-PRATAP-SINGH01/PebbleDB/internal/db/close.go:19.15,22.3 2 0
github.com/RUDRA-PRATAP-SINGH01/PebbleDB/internal/db/close.go:23.2,25.26 3 52
github.com/RUDRA-PRATAP-SINGH01/PebbleDB/internal/db/close.go:25.26,28.3 2 30
github.com/RUDRA-PRATAP-SINGH01/PebbleDB/internal/db/close.go:29.2,33.28 4 52
github.com/RUDRA-PRATAP-SINGH01/PebbleDB/internal/db/close.go:33.28,34.22 1 51
github.com/RUDRA-PRATAP-SINGH01/PebbleDB/internal/db/close.go:34.22,36.4 1 0
github.com/RUDRA-PRATAP-SINGH01/PebbleDB/internal/db/close.go:37.3,38.56 2 51
github.com/RUDRA-PRATAP-SINGH01/PebbleDB/internal/db/close.go:38.56,40.4 1 0
github.com/RUDRA-PRATAP-SINGH01/PebbleDB/internal/db/close.go:42.2,45.47 3 52
github.com/RUDRA-PRATAP-SINGH01/PebbleDB/internal/db/close.go:45.47,47.3 1 1
github.com/RUDRA-PRATAP-SINGH01/PebbleDB/internal/db/close.go:49.2,49.6 1 52
github.com/RUDRA-PRATAP-SINGH01/PebbleDB/internal/db/close.go:49.6,52.53 3 77
github.com/RUDRA-PRATAP-SINGH01/PebbleDB/internal/db/close.go:52.53,54.9 2 48
github.com/RUDRA-PRATAP-SINGH01/PebbleDB/internal/db/close.go:56.3,56.27 1 29
github.com/RUDRA-PRATAP-SINGH01/PebbleDB/internal/db/close.go:56.27,58.18 2 25
github.com/RUDRA-PRATAP-SINGH01/PebbleDB/internal/db/close.go:58.18,61.10 3 1
github.com/RUDRA-PRATAP-SINGH01/PebbleDB/internal/db/close.go:63.4,68.20 3 24
github.com/RUDRA-PRATAP-SINGH01/PebbleDB/internal/db/close.go:70.3,72.16 2 28
github.com/RUDRA-PRATAP-SINGH01/PebbleDB/internal/db/close.go:72.16,74.4 1 24
github.com/RUDRA-PRATAP-SINGH01/PebbleDB/internal/db/close.go:75.3,75.77 1 28
github.com/RUDRA-PRATAP-SINGH01/PebbleDB/internal/db/close.go:75.77,77.9 2 2
github.com/RUDRA-PRATAP-SINGH01/PebbleDB/internal/db/close.go:81.2,86.19 6 51
github.com/RUDRA-PRATAP-SINGH01/PebbleDB/internal/db/close.go:86.19,90.3 3 51
github.com/RUDRA-PRATAP-SINGH01/PebbleDB/internal/db/close.go:91.2,91.24 1 51
github.com/RUDRA-PRATAP-SINGH01/PebbleDB/internal/db/close.go:91.24,94.3 2 50
github.com/RUDRA-PRATAP-SINGH01/PebbleDB/internal/db/close.go:95.2,95.17 1 51
github.com/RUDRA-PRATAP-SINGH01/PebbleDB/internal/db/close.go:98.49,102.90 3 51
github.com/RUDRA-PRATAP-SINGH01/PebbleDB/internal/db/close.go:102.90,104.3 1 0
github.com/RUDRA-PRATAP-SINGH01/PebbleDB/internal/db/close.go:106.2,109.92 4 51
github.com/RUDRA-PRATAP-SINGH01/PebbleDB/internal/db/close.go:109.92,111.3 1 0
github.com/RUDRA-PRATAP-SINGH01/PebbleDB/internal/db/close.go:112.2,112.12 1 51
github.com/RUDRA-PRATAP-SINGH01/PebbleDB/internal/db/close.go:115.77,116.9 1 102
github.com/RUDRA-PRATAP-SINGH01/PebbleDB/internal/db/close.go:117.14,118.13 1 102
github.com/RUDRA-PRATAP-SINGH01/PebbleDB/internal/db/close.go:119.29,120.31 1 0
github.com/RUDRA-PRATAP-SINGH01/PebbleDB/internal/db/close.go:124.69,126.34 2 28
github.com/RUDRA-PRATAP-SINGH01/PebbleDB/internal/db/close.go:126.34,130.15 4 142
github.com/RUDRA-PRATAP-SINGH01/PebbleDB/internal/db/close.go:130.15,132.4 1 25
github.com/RUDRA-PRATAP-SINGH01/PebbleDB/internal/db/close.go:133.3,133.35 1 117
github.com/RUDRA-PRATAP-SINGH01/PebbleDB/internal/db/close.go:136.2,136.43 1 2
github.com/RUDRA-PRATAP-SINGH01/PebbleDB/internal/db/close.go:136.43,138.3 1 0
github.com/RUDRA-PRATAP-SINGH01/PebbleDB/internal/db/close.go:139.2,139.29 1 2
github.com/RUDRA-PRATAP-SINGH01/PebbleDB/internal/db/compaction.go:18.40,25.51 6 286
github.com/RUDRA-PRATAP-SINGH01/PebbleDB/internal/db/compaction.go:25.51,27.3 1 208
github.com/RUDRA-PRATAP-SINGH01/PebbleDB/internal/db/compaction.go:28.2,28.9 1 78
github.com/RUDRA-PRATAP-SINGH01/PebbleDB/internal/db/compaction.go:29.34,29.34 0 78
github.com/RUDRA-PRATAP-SINGH01/PebbleDB/internal/db/compaction.go:30.10,30.10 0 0
github.com/RUDRA-PRATAP-SINGH01/PebbleDB/internal/db/compaction.go:36.67,37.44 1 83
github.com/RUDRA-PRATAP-SINGH01/PebbleDB/internal/db/compaction.go:37.44,39.3 1 22
github.com/RUDRA-PRATAP-SINGH01/PebbleDB/internal/db/compaction.go:40.2,41.26 2 61
github.com/RUDRA-PRATAP-SINGH01/PebbleDB/internal/db/compaction.go:41.26,43.3 1 0
github.com/RUDRA-PRATAP-SINGH01/PebbleDB/internal/db/compaction.go:44.2,44.11 1 61
github.com/RUDRA-PRATAP-SINGH01/PebbleDB/internal/db/compaction.go:44.11,46.3 1 0
github.com/RUDRA-PRATAP-SINGH01/PebbleDB/internal/db/compaction.go:47.2,49.15 3 61
github.com/RUDRA-PRATAP-SINGH01/PebbleDB/internal/db/compaction.go:52.80,53.30 1 178
github.com/RUDRA-PRATAP-SINGH01/PebbleDB/internal/db/compaction.go:53.30,55.25 2 355
github.com/RUDRA-PRATAP-SINGH01/PebbleDB/internal/db/compaction.go:55.25,56.17 1 531
github.com/RUDRA-PRATAP-SINGH01/PebbleDB/internal/db/compaction.go:56.17,58.10 2 354
github.com/RUDRA-PRATAP-SINGH01/PebbleDB/internal/db/compaction.go:61.3,61.13 1 355
github.com/RUDRA-PRATAP-SINGH01/PebbleDB/internal/db/compaction.go:61.13,63.4 1 1
github.com/RUDRA-PRATAP-SINGH01/PebbleDB/internal/db/compaction.go:65.2,65.13 1 177
github.com/RUDRA-PRATAP-SINGH01/PebbleDB/internal/db/compaction.go:68.89,69.22 1 61
github.com/RUDRA-PRATAP-SINGH01/PebbleDB/internal/db/compaction.go:69.22,71.3 1 0
github.com/RUDRA-PRATAP-SINGH01/PebbleDB/internal/db/compaction.go:73.2,74.28 2 61
github.com/RUDRA-PRATAP-SINGH01/PebbleDB/internal/db/compaction.go:74.28,76.17 2 122
github.com/RUDRA-PRATAP-SINGH01/PebbleDB/internal/db/compaction.go:76.17,78.4 1 0
github.com/RUDRA-PRATAP-SINGH01/PebbleDB/internal/db/compaction.go:79.3,79.23 1 122
github.com/RUDRA-PRATAP-SINGH01/PebbleDB/internal/db/compaction.go:81.2,81.25 1 61
github.com/RUDRA-PRATAP-SINGH01/PebbleDB/internal/db/compaction.go:81.25,83.3 1 0
github.com/RUDRA-PRATAP-SINGH01/PebbleDB/internal/db/compaction.go:85.2,89.16 4 61
github.com/RUDRA-PRATAP-SINGH01/PebbleDB/internal/db/compaction.go:89.16,91.3 1 0
github.com/RUDRA-PRATAP-SINGH01/PebbleDB/internal/db/compaction.go:93.2,93.71 1 61
github.com/RUDRA-PRATAP-SINGH01/PebbleDB/internal/db/compaction.go:93.71,97.3 3 0
github.com/RUDRA-PRATAP-SINGH01/PebbleDB/internal/db/compaction.go:98.2,98.34 1 61
github.com/RUDRA-PRATAP-SINGH01/PebbleDB/internal/db/compaction.go:98.34,101.3 2 0
github.com/RUDRA-PRATAP-SINGH01/PebbleDB/internal/db/compaction.go:103.2,104.16 2 61
github.com/RUDRA-PRATAP-SINGH01/PebbleDB/internal/db/compaction.go:104.16,107.3 2 0
github.com/RUDRA-PRATAP-SINGH01/PebbleDB/internal/db/compaction.go:108.2,108.24 1 61
github.com/RUDRA-PRATAP-SINGH01/PebbleDB/internal/db/compaction.go:111.49,114.14 3 255
github.com/RUDRA-PRATAP-SINGH01/PebbleDB/internal/db/compaction.go:114.14,116.3 1 0
github.com/RUDRA-PRATAP-SINGH01/PebbleDB/internal/db/compaction.go:117.2,118.16 2 255
github.com/RUDRA-PRATAP-SINGH01/PebbleDB/internal/db/compaction.go:118.16,120.3 1 0
github.com/RUDRA-PRATAP-SINGH01/PebbleDB/internal/db/compaction.go:121.2,121.16 1 255
github.com/RUDRA-PRATAP-SINGH01/PebbleDB/internal/db/compaction.go:124.70,126.28 2 120
github.com/RUDRA-PRATAP-SINGH01/PebbleDB/internal/db/compaction.go:126.28,128.17 2 255
github.com/RUDRA-PRATAP-SINGH01/PebbleDB/internal/db/compaction.go:128.17,130.4 1 0
github.com/RUDRA-PRATAP-SINGH01/PebbleDB/internal/db/compaction.go:131.3,131.24 1 255
github.com/RUDRA-PRATAP-SINGH01/PebbleDB/internal/db/compaction.go:133.2,133.17 1 120
github.com/RUDRA-PRATAP-SINGH01/PebbleDB/internal/db/compactor.go:13.27,15.25 2 61
github.com/RUDRA-PRATAP-SINGH01/PebbleDB/internal/db/compactor.go:15.25,17.7 2 77
github.com/RUDRA-PRATAP-SINGH01/PebbleDB/internal/db/compactor.go:17.7,18.44 1 83
github.com/RUDRA-PRATAP-SINGH01/PebbleDB/internal/db/compactor.go:18.44,22.10 4 0
github.com/RUDRA-PRATAP-SINGH01/PebbleDB/internal/db/compactor.go:24.4,29.13 5 78
github.com/RUDRA-PRATAP-SINGH01/PebbleDB/internal/db/compactor.go:29.13,30.10 1 72
github.com/RUDRA-PRATAP-SINGH01/PebbleDB/internal/db/compactor.go:33.3,33.24 1 72
github.com/RUDRA-PRATAP-SINGH01/PebbleDB/internal/db/compactor.go:37.36,40.24 3 83
github.com/RUDRA-PRATAP-SINGH01/PebbleDB/internal/db/compactor.go:40.24,43.3 2 22
github.com/RUDRA-PRATAP-SINGH01/PebbleDB/internal/db/compactor.go:44.2,45.16 2 61
github.com/RUDRA-PRATAP-SINGH01/PebbleDB/internal/db/compactor.go:45.16,48.3 2 0
github.com/RUDRA-PRATAP-SINGH01/PebbleDB/internal/db/compactor.go:49.2,51.52 3 61
github.com/RUDRA-PRATAP-SINGH01/PebbleDB/internal/db/compactor.go:51.52,54.3 2 0
github.com/RUDRA-PRATAP-SINGH01/PebbleDB/internal/db/compactor.go:55.2,58.16 3 61
github.com/RUDRA-PRATAP-SINGH01/PebbleDB/internal/db/compactor.go:58.16,60.3 1 0
github.com/RUDRA-PRATAP-SINGH01/PebbleDB/internal/db/compactor.go:61.2,64.52 3 61
github.com/RUDRA-PRATAP-SINGH01/PebbleDB/internal/db/compactor.go:64.52,69.3 4 1
github.com/RUDRA-PRATAP-SINGH01/PebbleDB/internal/db/compactor.go:71.2,72.32 2 59
github.com/RUDRA-PRATAP-SINGH01/PebbleDB/internal/db/compactor.go:72.32,74.3 1 118
github.com/RUDRA-PRATAP-SINGH01/PebbleDB/internal/db/compactor.go:75.2,76.32 2 59
github.com/RUDRA-PRATAP-SINGH01/PebbleDB/internal/db/compactor.go:76.32,77.38 1 156
github.com/RUDRA-PRATAP-SINGH01/PebbleDB/internal/db/compactor.go:77.38,79.4 1 38
github.com/RUDRA-PRATAP-SINGH01/PebbleDB/internal/db/compactor.go:81.2,84.16 3 59
github.com/RUDRA-PRATAP-SINGH01/PebbleDB/internal/db/compactor.go:84.16,89.3 4 0
github.com/RUDRA-PRATAP-SINGH01/PebbleDB/internal/db/compactor.go:90.2,92.62 2 59
github.com/RUDRA-PRATAP-SINGH01/PebbleDB/internal/db/compactor.go:92.62,96.3 3 0
github.com/RUDRA-PRATAP-SINGH01/PebbleDB/internal/db/compactor.go:97.2,100.52 3 59
github.com/RUDRA-PRATAP-SINGH01/PebbleDB/internal/db/compactor.go:100.52,102.70 2 0
github.com/RUDRA-PRATAP-SINGH01/PebbleDB/internal/db/compactor.go:102.70,104.4 1 0
[...]
github.com/RUDRA-PRATAP-SINGH01/PebbleDB/internal/db/db.go:208.3,208.24 1 78
github.com/RUDRA-PRATAP-SINGH01/PebbleDB/internal/db/db.go:210.2,210.38 1 122
github.com/RUDRA-PRATAP-SINGH01/PebbleDB/internal/db/db.go:210.38,210.64 1 48
github.com/RUDRA-PRATAP-SINGH01/PebbleDB/internal/db/db.go:211.2,211.17 1 122
github.com/RUDRA-PRATAP-SINGH01/PebbleDB/internal/db/db.go:214.48,216.2 1 39
github.com/RUDRA-PRATAP-SINGH01/PebbleDB/internal/db/db.go:218.36,219.32 1 0
github.com/RUDRA-PRATAP-SINGH01/PebbleDB/internal/db/db.go:219.32,221.3 1 0
github.com/RUDRA-PRATAP-SINGH01/PebbleDB/internal/db/db.go:222.2,222.19 1 0
github.com/RUDRA-PRATAP-SINGH01/PebbleDB/internal/db/db.go:225.36,226.43 1 61
github.com/RUDRA-PRATAP-SINGH01/PebbleDB/internal/db/db.go:226.43,229.17 3 23
github.com/RUDRA-PRATAP-SINGH01/PebbleDB/internal/db/db.go:229.17,231.4 1 0
github.com/RUDRA-PRATAP-SINGH01/PebbleDB/internal/db/db.go:232.3,234.24 3 23
github.com/RUDRA-PRATAP-SINGH01/PebbleDB/internal/db/db.go:234.24,236.4 1 23
github.com/RUDRA-PRATAP-SINGH01/PebbleDB/internal/db/db.go:238.2,239.12 2 61
github.com/RUDRA-PRATAP-SINGH01/PebbleDB/internal/db/db.go:242.33,243.27 1 348
github.com/RUDRA-PRATAP-SINGH01/PebbleDB/internal/db/db.go:243.27,246.3 2 46
github.com/RUDRA-PRATAP-SINGH01/PebbleDB/internal/db/db.go:247.2,248.30 2 302
github.com/RUDRA-PRATAP-SINGH01/PebbleDB/internal/db/db.go:251.52,253.16 2 27
github.com/RUDRA-PRATAP-SINGH01/PebbleDB/internal/db/db.go:253.16,255.3 1 7
github.com/RUDRA-PRATAP-SINGH01/PebbleDB/internal/db/db.go:256.2,256.13 1 20
github.com/RUDRA-PRATAP-SINGH01/PebbleDB/internal/db/db.go:259.46,260.14 1 309
github.com/RUDRA-PRATAP-SINGH01/PebbleDB/internal/db/db.go:260.14,262.3 1 0
github.com/RUDRA-PRATAP-SINGH01/PebbleDB/internal/db/db.go:263.2,265.23 3 309
github.com/RUDRA-PRATAP-SINGH01/PebbleDB/internal/db/db.go:268.35,270.34 2 51
github.com/RUDRA-PRATAP-SINGH01/PebbleDB/internal/db/db.go:270.34,272.3 1 292
github.com/RUDRA-PRATAP-SINGH01/PebbleDB/internal/db/db.go:273.2,274.23 2 51
github.com/RUDRA-PRATAP-SINGH01/PebbleDB/internal/db/db.go:278.39,280.2 1 237
github.com/RUDRA-PRATAP-SINGH01/PebbleDB/internal/db/delete.go:6.40,8.2 1 8
github.com/RUDRA-PRATAP-SINGH01/PebbleDB/internal/db/errors.go:21.42,23.2 1 0
github.com/RUDRA-PRATAP-SINGH01/PebbleDB/internal/db/errors.go:25.42,27.2 1 1
github.com/RUDRA-PRATAP-SINGH01/PebbleDB/internal/db/flush.go:17.25,18.23 1 61
github.com/RUDRA-PRATAP-SINGH01/PebbleDB/internal/db/flush.go:18.23,20.3 1 203
github.com/RUDRA-PRATAP-SINGH01/PebbleDB/internal/db/flush.go:21.2,21.21 1 51
github.com/RUDRA-PRATAP-SINGH01/PebbleDB/internal/db/flush.go:26.35,27.6 1 203
github.com/RUDRA-PRATAP-SINGH01/PebbleDB/internal/db/flush.go:27.6,29.32 2 428
github.com/RUDRA-PRATAP-SINGH01/PebbleDB/internal/db/flush.go:29.32,32.4 2 194
github.com/RUDRA-PRATAP-SINGH01/PebbleDB/internal/db/flush.go:33.3,36.71 3 234
github.com/RUDRA-PRATAP-SINGH01/PebbleDB/internal/db/flush.go:36.71,43.14 6 0
github.com/RUDRA-PRATAP-SINGH01/PebbleDB/internal/db/flush.go:43.14,45.5 1 0
github.com/RUDRA-PRATAP-SINGH01/PebbleDB/internal/db/flush.go:47.4,48.12 2 0
github.com/RUDRA-PRATAP-SINGH01/PebbleDB/internal/db/flush.go:51.3,52.31 2 225
github.com/RUDRA-PRATAP-SINGH01/PebbleDB/internal/db/flush.go:52.31,54.4 1 225
github.com/RUDRA-PRATAP-SINGH01/PebbleDB/internal/db/flush.go:55.3,56.35 2 225
github.com/RUDRA-PRATAP-SINGH01/PebbleDB/internal/db/flush.go:60.29,62.2 1 214
github.com/RUDRA-PRATAP-SINGH01/PebbleDB/internal/db/flush.go:65.34,67.2 1 24
github.com/RUDRA-PRATAP-SINGH01/PebbleDB/internal/db/flush.go:69.39,70.12 1 238
github.com/RUDRA-PRATAP-SINGH01/PebbleDB/internal/db/flush.go:70.12,74.13 4 214
github.com/RUDRA-PRATAP-SINGH01/PebbleDB/internal/db/flush.go:74.13,76.4 1 0
github.com/RUDRA-PRATAP-SINGH01/PebbleDB/internal/db/flush.go:78.2,78.9 1 238
github.com/RUDRA-PRATAP-SINGH01/PebbleDB/internal/db/flush.go:79.32,79.32 0 211
github.com/RUDRA-PRATAP-SINGH01/PebbleDB/internal/db/flush.go:80.10,80.10 0 27
github.com/RUDRA-PRATAP-SINGH01/PebbleDB/internal/db/flush.go:84.77,89.25 4 234
github.com/RUDRA-PRATAP-SINGH01/PebbleDB/internal/db/flush.go:89.25,91.3 1 0
github.com/RUDRA-PRATAP-SINGH01/PebbleDB/internal/db/flush.go:92.2,93.16 2 234
github.com/RUDRA-PRATAP-SINGH01/PebbleDB/internal/db/flush.go:93.16,95.3 1 0
github.com/RUDRA-PRATAP-SINGH01/PebbleDB/internal/db/flush.go:97.2,98.17 2 234
github.com/RUDRA-PRATAP-SINGH01/PebbleDB/internal/db/flush.go:98.17,99.71 1 415
github.com/RUDRA-PRATAP-SINGH01/PebbleDB/internal/db/flush.go:99.71,104.4 4 0
github.com/RUDRA-PRATAP-SINGH01/PebbleDB/internal/db/flush.go:105.3,105.12 1 415
github.com/RUDRA-PRATAP-SINGH01/PebbleDB/internal/db/flush.go:107.2,109.34 2 234
github.com/RUDRA-PRATAP-SINGH01/PebbleDB/internal/db/flush.go:109.34,112.3 2 0
github.com/RUDRA-PRATAP-SINGH01/PebbleDB/internal/db/flush.go:113.2,116.16 3 234
github.com/RUDRA-PRATAP-SINGH01/PebbleDB/internal/db/flush.go:116.16,119.3 2 0
github.com/RUDRA-PRATAP-SINGH01/PebbleDB/internal/db/flush.go:123.2,123.54 1 233
github.com/RUDRA-PRATAP-SINGH01/PebbleDB/internal/db/flush.go:123.54,127.3 3 0
github.com/RUDRA-PRATAP-SINGH01/PebbleDB/internal/db/flush.go:128.2,136.51 7 232
github.com/RUDRA-PRATAP-SINGH01/PebbleDB/internal/db/flush.go:136.51,138.3 1 0
github.com/RUDRA-PRATAP-SINGH01/PebbleDB/internal/db/flush.go:140.2,140.64 1 230
github.com/RUDRA-PRATAP-SINGH01/PebbleDB/internal/db/flush.go:140.64,142.3 1 0
github.com/RUDRA-PRATAP-SINGH01/PebbleDB/internal/db/flush.go:142.8,144.3 1 226
github.com/RUDRA-PRATAP-SINGH01/PebbleDB/internal/db/flush.go:146.2,147.12 2 225
github.com/RUDRA-PRATAP-SINGH01/PebbleDB/internal/db/flush.go:150.74,154.17 1 230
github.com/RUDRA-PRATAP-SINGH01/PebbleDB/internal/db/flush.go:154.17,156.3 1 0
github.com/RUDRA-PRATAP-SINGH01/PebbleDB/internal/db/flush.go:157.2,158.57 2 230
github.com/RUDRA-PRATAP-SINGH01/PebbleDB/internal/db/flush.go:158.57,160.3 1 0
github.com/RUDRA-PRATAP-SINGH01/PebbleDB/internal/db/flush.go:161.2,161.36 1 226
github.com/RUDRA-PRATAP-SINGH01/PebbleDB/internal/db/flush.go:164.48,165.41 1 278
github.com/RUDRA-PRATAP-SINGH01/PebbleDB/internal/db/flush.go:165.41,167.3 1 64
github.com/RUDRA-PRATAP-SINGH01/PebbleDB/internal/db/flush.go:168.2,169.16 2 214
github.com/RUDRA-PRATAP-SINGH01/PebbleDB/internal/db/flush.go:169.16,171.3 1 0
github.com/RUDRA-PRATAP-SINGH01/PebbleDB/internal/db/flush.go:172.2,177.18 3 214
github.com/RUDRA-PRATAP-SINGH01/PebbleDB/internal/db/flush.go:180.38,182.2 1 457
github.com/RUDRA-PRATAP-SINGH01/PebbleDB/internal/db/get.go:21.47,22.51 1 30
github.com/RUDRA-PRATAP-SINGH01/PebbleDB/internal/db/get.go:22.51,24.3 1 1
github.com/RUDRA-PRATAP-SINGH01/PebbleDB/internal/db/get.go:26.2,27.15 2 29
github.com/RUDRA-PRATAP-SINGH01/PebbleDB/internal/db/get.go:27.15,30.3 2 0
github.com/RUDRA-PRATAP-SINGH01/PebbleDB/internal/db/get.go:32.2,32.79 1 29
github.com/RUDRA-PRATAP-SINGH01/PebbleDB/internal/db/get.go:32.79,35.3 2 5
github.com/RUDRA-PRATAP-SINGH01/PebbleDB/internal/db/get.go:35.8,35.38 1 24
github.com/RUDRA-PRATAP-SINGH01/PebbleDB/internal/db/get.go:35.38,38.3 2 1
github.com/RUDRA-PRATAP-SINGH01/PebbleDB/internal/db/get.go:40.2,40.69 1 23
github.com/RUDRA-PRATAP-SINGH01/PebbleDB/internal/db/get.go:40.69,43.3 2 4
github.com/RUDRA-PRATAP-SINGH01/PebbleDB/internal/db/get.go:43.8,43.38 1 19
github.com/RUDRA-PRATAP-SINGH01/PebbleDB/internal/db/get.go:43.38,46.3 2 0
github.com/RUDRA-PRATAP-SINGH01/PebbleDB/internal/db/get.go:48.2,48.49 1 19
github.com/RUDRA-PRATAP-SINGH01/PebbleDB/internal/db/get.go:48.49,49.83 1 1
github.com/RUDRA-PRATAP-SINGH01/PebbleDB/internal/db/get.go:49.83,52.4 2 0
github.com/RUDRA-PRATAP-SINGH01/PebbleDB/internal/db/get.go:52.9,52.39 1 1
github.com/RUDRA-PRATAP-SINGH01/PebbleDB/internal/db/get.go:52.39,55.4 2 1
github.com/RUDRA-PRATAP-SINGH01/PebbleDB/internal/db/get.go:58.2,59.28 2 18
github.com/RUDRA-PRATAP-SINGH01/PebbleDB/internal/db/get.go:59.28,61.3 1 83
github.com/RUDRA-PRATAP-SINGH01/PebbleDB/internal/db/get.go:62.2,63.15 2 18
github.com/RUDRA-PRATAP-SINGH01/PebbleDB/internal/db/get.go:63.15,64.29 1 18
github.com/RUDRA-PRATAP-SINGH01/PebbleDB/internal/db/get.go:64.29,66.4 1 83
github.com/RUDRA-PRATAP-SINGH01/PebbleDB/internal/db/get.go:69.2,70.16 2 18
github.com/RUDRA-PRATAP-SINGH01/PebbleDB/internal/db/get.go:70.16,72.3 1 0
github.com/RUDRA-PRATAP-SINGH01/PebbleDB/internal/db/get.go:73.2,73.11 1 18
github.com/RUDRA-PRATAP-SINGH01/PebbleDB/internal/db/get.go:73.11,74.17 1 18
github.com/RUDRA-PRATAP-SINGH01/PebbleDB/internal/db/get.go:74.17,76.4 1 4
github.com/RUDRA-PRATAP-SINGH01/PebbleDB/internal/db/get.go:77.3,77.18 1 14
github.com/RUDRA-PRATAP-SINGH01/PebbleDB/internal/db/get.go:79.2,79.25 1 0
github.com/RUDRA-PRATAP-SINGH01/PebbleDB/internal/db/get.go:84.100,85.41 1 19
github.com/RUDRA-PRATAP-SINGH01/PebbleDB/internal/db/get.go:85.41,86.34 1 70
github.com/RUDRA-PRATAP-SINGH01/PebbleDB/internal/db/get.go:86.34,87.12 1 48
github.com/RUDRA-PRATAP-SINGH01/PebbleDB/internal/db/get.go:89.3,90.21 2 22
github.com/RUDRA-PRATAP-SINGH01/PebbleDB/internal/db/get.go:90.21,91.40 1 1
github.com/RUDRA-PRATAP-SINGH01/PebbleDB/internal/db/get.go:91.40,92.13 1 1
github.com/RUDRA-PRATAP-SINGH01/PebbleDB/internal/db/get.go:94.4,94.30 1 0
github.com/RUDRA-PRATAP-SINGH01/PebbleDB/internal/db/get.go:96.3,96.10 1 21
github.com/RUDRA-PRATAP-SINGH01/PebbleDB/internal/db/get.go:96.10,97.12 1 19
github.com/RUDRA-PRATAP-SINGH01/PebbleDB/internal/db/get.go:97.12,99.5 1 4
github.com/RUDRA-PRATAP-SINGH01/PebbleDB/internal/db/get.go:100.4,100.25 1 15
github.com/RUDRA-PRATAP-SINGH01/PebbleDB/internal/db/get.go:103.2,103.24 1 0
github.com/RUDRA-PRATAP-SINGH01/PebbleDB/internal/db/get.go:106.82,107.15 1 24
github.com/RUDRA-PRATAP-SINGH01/PebbleDB/internal/db/get.go:107.15,109.3 1 0
github.com/RUDRA-PRATAP-SINGH01/PebbleDB/internal/db/get.go:110.2,111.12 2 24
github.com/RUDRA-PRATAP-SINGH01/PebbleDB/internal/db/get.go:111.12,113.3 1 19
github.com/RUDRA-PRATAP-SINGH01/PebbleDB/internal/db/get.go:114.2,114.15 1 5
github.com/RUDRA-PRATAP-SINGH01/PebbleDB/internal/db/get.go:114.15,116.3 1 1
github.com/RUDRA-PRATAP-SINGH01/PebbleDB/internal/db/get.go:117.2,117.26 1 4
github.com/RUDRA-PRATAP-SINGH01/PebbleDB/internal/db/put.go:6.44,8.2 1 493
github.com/RUDRA-PRATAP-SINGH01/PebbleDB/internal/db/scan.go:25.38,26.15 1 53
github.com/RUDRA-PRATAP-SINGH01/PebbleDB/internal/db/scan.go:26.15,28.3 1 0
github.com/RUDRA-PRATAP-SINGH01/PebbleDB/internal/db/scan.go:29.2,29.42 1 53
github.com/RUDRA-PRATAP-SINGH01/PebbleDB/internal/db/scan.go:29.42,31.3 1 7
github.com/RUDRA-PRATAP-SINGH01/PebbleDB/internal/db/scan.go:32.2,32.22 1 46
github.com/RUDRA-PRATAP-SINGH01/PebbleDB/internal/db/scan.go:32.22,34.3 1 43
github.com/RUDRA-PRATAP-SINGH01/PebbleDB/internal/db/scan.go:35.2,35.50 1 3
github.com/RUDRA-PRATAP-SINGH01/PebbleDB/internal/db/scan.go:38.40,38.65 1 18
github.com/RUDRA-PRATAP-SINGH01/PebbleDB/internal/db/scan.go:39.40,39.67 1 18
github.com/RUDRA-PRATAP-SINGH01/PebbleDB/internal/db/scan.go:41.44,41.60 1 0
github.com/RUDRA-PRATAP-SINGH01/PebbleDB/internal/db/scan.go:43.38,44.15 1 44
github.com/RUDRA-PRATAP-SINGH01/PebbleDB/internal/db/scan.go:44.15,46.3 1 0
github.com/RUDRA-PRATAP-SINGH01/PebbleDB/internal/db/scan.go:47.2,47.24 1 44
github.com/RUDRA-PRATAP-SINGH01/PebbleDB/internal/db/scan.go:50.48,51.15 1 0
github.com/RUDRA-PRATAP-SINGH01/PebbleDB/internal/db/scan.go:51.15,53.3 1 0
github.com/RUDRA-PRATAP-SINGH01/PebbleDB/internal/db/scan.go:54.2,54.27 1 0
github.com/RUDRA-PRATAP-SINGH01/PebbleDB/internal/db/scan.go:57.39,58.15 1 9
github.com/RUDRA-PRATAP-SINGH01/PebbleDB/internal/db/scan.go:58.15,60.3 1 0
github.com/RUDRA-PRATAP-SINGH01/PebbleDB/internal/db/scan.go:61.2,63.21 3 9
github.com/RUDRA-PRATAP-SINGH01/PebbleDB/internal/db/scan.go:63.21,65.3 1 9
github.com/RUDRA-PRATAP-SINGH01/PebbleDB/internal/db/scan.go:66.2,66.31 1 9
github.com/RUDRA-PRATAP-SINGH01/PebbleDB/internal/db/scan.go:66.31,68.3 1 4
github.com/RUDRA-PRATAP-SINGH01/PebbleDB/internal/db/scan.go:69.2,70.12 2 9
github.com/RUDRA-PRATAP-SINGH01/PebbleDB/internal/db/scan.go:81.62,82.51 1 10
github.com/RUDRA-PRATAP-SINGH01/PebbleDB/internal/db/scan.go:82.51,84.3 1 1
github.com/RUDRA-PRATAP-SINGH01/PebbleDB/internal/db/scan.go:86.2,87.15 2 9
github.com/RUDRA-PRATAP-SINGH01/PebbleDB/internal/db/scan.go:87.15,90.3 2 0
github.com/RUDRA-PRATAP-SINGH01/PebbleDB/internal/db/scan.go:92.2,95.66 3 9
github.com/RUDRA-PRATAP-SINGH01/PebbleDB/internal/db/scan.go:95.66,98.3 2 7
github.com/RUDRA-PRATAP-SINGH01/PebbleDB/internal/db/scan.go:100.2,104.49 4 9
github.com/RUDRA-PRATAP-SINGH01/PebbleDB/internal/db/scan.go:104.49,109.3 4 1
github.com/RUDRA-PRATAP-SINGH01/PebbleDB/internal/db/scan.go:111.2,112.28 2 9
github.com/RUDRA-PRATAP-SINGH01/PebbleDB/internal/db/scan.go:112.28,114.3 1 4
github.com/RUDRA-PRATAP-SINGH01/PebbleDB/internal/db/scan.go:115.2,115.28 1 9
github.com/RUDRA-PRATAP-SINGH01/PebbleDB/internal/db/scan.go:115.28,118.3 2 4
github.com/RUDRA-PRATAP-SINGH01/PebbleDB/internal/db/scan.go:119.2,122.16 3 9
github.com/RUDRA-PRATAP-SINGH01/PebbleDB/internal/db/scan.go:122.16,124.29 2 0
github.com/RUDRA-PRATAP-SINGH01/PebbleDB/internal/db/scan.go:124.29,126.4 1 0
github.com/RUDRA-PRATAP-SINGH01/PebbleDB/internal/db/scan.go:127.3,127.18 1 0
github.com/RUDRA-PRATAP-SINGH01/PebbleDB/internal/db/scan.go:129.2,129.42 1 9
github.com/RUDRA-PRATAP-SINGH01/PebbleDB/internal/db/scan.go:129.42,131.29 2 0
github.com/RUDRA-PRATAP-SINGH01/PebbleDB/internal/db/scan.go:131.29,133.4 1 0
github.com/RUDRA-PRATAP-SINGH01/PebbleDB/internal/db/scan.go:134.3,134.18 1 0
github.com/RUDRA-PRATAP-SINGH01/PebbleDB/internal/db/scan.go:137.2,141.8 1 9
github.com/RUDRA-PRATAP-SINGH01/PebbleDB/internal/db/scan.go:144.52,145.28 1 0
github.com/RUDRA-PRATAP-SINGH01/PebbleDB/internal/db/scan.go:145.28,147.3 1 0
github.com/RUDRA-PRATAP-SINGH01/PebbleDB/internal/db/scan.go:156.76,158.2 1 17
github.com/RUDRA-PRATAP-SINGH01/PebbleDB/internal/db/scan.go:160.40,162.2 1 375
github.com/RUDRA-PRATAP-SINGH01/PebbleDB/internal/db/scan.go:164.40,165.16 1 116
github.com/RUDRA-PRATAP-SINGH01/PebbleDB/internal/db/scan.go:165.16,167.3 1 0
github.com/RUDRA-PRATAP-SINGH01/PebbleDB/internal/db/scan.go:168.2,168.29 1 116
github.com/RUDRA-PRATAP-SINGH01/PebbleDB/internal/db/scan.go:171.42,172.16 1 36
github.com/RUDRA-PRATAP-SINGH01/PebbleDB/internal/db/scan.go:172.16,174.3 1 0
github.com/RUDRA-PRATAP-SINGH01/PebbleDB/internal/db/scan.go:175.2,175.32 1 36
github.com/RUDRA-PRATAP-SINGH01/PebbleDB/internal/db/scan.go:175.32,177.3 1 1
github.com/RUDRA-PRATAP-SINGH01/PebbleDB/internal/db/scan.go:178.2,178.31 1 35
github.com/RUDRA-PRATAP-SINGH01/PebbleDB/internal/db/scan.go:181.46,182.16 1 36
github.com/RUDRA-PRATAP-SINGH01/PebbleDB/internal/db/scan.go:182.16,184.3 1 0
github.com/RUDRA-PRATAP-SINGH01/PebbleDB/internal/db/scan.go:185.2,185.35 1 36
github.com/RUDRA-PRATAP-SINGH01/PebbleDB/internal/db/scan.go:188.40,189.28 1 36
github.com/RUDRA-PRATAP-SINGH01/PebbleDB/internal/db/scan.go:189.28,191.3 1 36
github.com/RUDRA-PRATAP-SINGH01/PebbleDB/internal/db/scan.go:192.2,192.12 1 36
github.com/RUDRA-PRATAP-SINGH01/PebbleDB/internal/db/scan.go:195.50,197.77 2 17
github.com/RUDRA-PRATAP-SINGH01/PebbleDB/internal/db/scan.go:197.77,199.3 1 2
github.com/RUDRA-PRATAP-SINGH01/PebbleDB/internal/db/scan.go:200.2,200.12 1 17
github.com/RUDRA-PRATAP-SINGH01/PebbleDB/internal/db/scan.go:203.41,206.2 2 17
github.com/RUDRA-PRATAP-SINGH01/PebbleDB/internal/db/scan.go:212.42,212.65 1 48
github.com/RUDRA-PRATAP-SINGH01/PebbleDB/internal/db/scan.go:213.42,213.63 1 49
github.com/RUDRA-PRATAP-SINGH01/PebbleDB/internal/db/scan.go:214.42,214.65 1 11
github.com/RUDRA-PRATAP-SINGH01/PebbleDB/internal/db/scan.go:215.42,215.71 1 11
github.com/RUDRA-PRATAP-SINGH01/PebbleDB/internal/db/scan.go:217.36,220.2 2 12
github.com/RUDRA-PRATAP-SINGH01/PebbleDB/internal/db/scan.go:222.46,224.2 1 4
github.com/RUDRA-PRATAP-SINGH01/PebbleDB/internal/db/scan.go:226.37,228.2 1 4
github.com/RUDRA-PRATAP-SINGH01/PebbleDB/internal/db/sst_cleanup.go:9.39,11.43 2 16
github.com/RUDRA-PRATAP-SINGH01/PebbleDB/internal/db/sst_cleanup.go:11.43,13.39 2 16
github.com/RUDRA-PRATAP-SINGH01/PebbleDB/internal/db/sst_cleanup.go:13.39,15.4 1 16
github.com/RUDRA-PRATAP-SINGH01/PebbleDB/internal/db/sst_cleanup.go:16.3,17.36 2 0
github.com/RUDRA-PRATAP-SINGH01/PebbleDB/internal/db/sst_cleanup.go:19.2,19.13 1 0
github.com/RUDRA-PRATAP-SINGH01/PebbleDB/internal/db/sst_cleanup.go:23.38,24.24 1 61
github.com/RUDRA-PRATAP-SINGH01/PebbleDB/internal/db/sst_cleanup.go:24.24,26.3 1 0
github.com/RUDRA-PRATAP-SINGH01/PebbleDB/internal/db/sst_cleanup.go:27.2,28.16 2 61
github.com/RUDRA-PRATAP-SINGH01/PebbleDB/internal/db/sst_cleanup.go:28.16,30.3 1 0
github.com/RUDRA-PRATAP-SINGH01/PebbleDB/internal/db/sst_cleanup.go:31.2,32.43 2 61
github.com/RUDRA-PRATAP-SINGH01/PebbleDB/internal/db/sst_cleanup.go:32.43,34.3 1 23
github.com/RUDRA-PRATAP-SINGH01/PebbleDB/internal/db/sst_cleanup.go:35.2,35.30 1 61
github.com/RUDRA-PRATAP-SINGH01/PebbleDB/internal/db/sst_cleanup.go:35.30,36.28 1 39
github.com/RUDRA-PRATAP-SINGH01/PebbleDB/internal/db/sst_cleanup.go:36.28,37.12 1 23
github.com/RUDRA-PRATAP-SINGH01/PebbleDB/internal/db/sst_cleanup.go:39.3,40.45 2 16
github.com/RUDRA-PRATAP-SINGH01/PebbleDB/internal/db/sst_cleanup.go:40.45,42.4 1 0
github.com/RUDRA-PRATAP-SINGH01/PebbleDB/internal/db/wal_state.go:20.43,22.2 1 767
github.com/RUDRA-PRATAP-SINGH01/PebbleDB/internal/db/wal_state.go:24.61,29.53 5 235
github.com/RUDRA-PRATAP-SINGH01/PebbleDB/internal/db/wal_state.go:29.53,31.3 1 0
github.com/RUDRA-PRATAP-SINGH01/PebbleDB/internal/db/wal_state.go:32.2,32.47 1 235
github.com/RUDRA-PRATAP-SINGH01/PebbleDB/internal/db/wal_state.go:35.65,37.16 2 67
github.com/RUDRA-PRATAP-SINGH01/PebbleDB/internal/db/wal_state.go:37.16,38.25 1 59
github.com/RUDRA-PRATAP-SINGH01/PebbleDB/internal/db/wal_state.go:38.25,40.4 1 59
github.com/RUDRA-PRATAP-SINGH01/PebbleDB/internal/db/wal_state.go:41.3,41.37 1 0
github.com/RUDRA-PRATAP-SINGH01/PebbleDB/internal/db/wal_state.go:43.2,43.20 1 8
github.com/RUDRA-PRATAP-SINGH01/PebbleDB/internal/db/wal_state.go:43.20,46.3 2 1
github.com/RUDRA-PRATAP-SINGH01/PebbleDB/internal/db/wal_state.go:47.2,50.14 1 7
github.com/RUDRA-PRATAP-SINGH01/PebbleDB/internal/db/wal_state.go:53.44,55.24 2 227
github.com/RUDRA-PRATAP-SINGH01/PebbleDB/internal/db/wal_state.go:55.24,57.3 1 0
github.com/RUDRA-PRATAP-SINGH01/PebbleDB/internal/db/wal_state.go:58.2,58.12 1 227
github.com/RUDRA-PRATAP-SINGH01/PebbleDB/internal/db/wal_state.go:63.53,65.23 2 64
github.com/RUDRA-PRATAP-SINGH01/PebbleDB/internal/db/wal_state.go:65.23,67.3 1 58
github.com/RUDRA-PRATAP-SINGH01/PebbleDB/internal/db/wal_state.go:68.2,68.37 1 6
github.com/RUDRA-PRATAP-SINGH01/PebbleDB/internal/db/wal_state.go:68.37,70.3 1 2
github.com/RUDRA-PRATAP-SINGH01/PebbleDB/internal/db/wal_state.go:71.2,71.25 1 4
github.com/RUDRA-PRATAP-SINGH01/PebbleDB/internal/db/wal_state.go:71.25,73.3 1 0
github.com/RUDRA-PRATAP-SINGH01/PebbleDB/internal/db/wal_state.go:74.2,76.16 3 4
github.com/RUDRA-PRATAP-SINGH01/PebbleDB/internal/db/wal_state.go:76.16,77.25 1 0
github.com/RUDRA-PRATAP-SINGH01/PebbleDB/internal/db/wal_state.go:77.25,79.4 1 0
github.com/RUDRA-PRATAP-SINGH01/PebbleDB/internal/db/wal_state.go:80.3,80.16 1 0
github.com/RUDRA-PRATAP-SINGH01/PebbleDB/internal/db/wal_state.go:82.2,82.33 1 4
github.com/RUDRA-PRATAP-SINGH01/PebbleDB/internal/db/wal_state.go:82.33,84.3 1 2
github.com/RUDRA-PRATAP-SINGH01/PebbleDB/internal/db/wal_state.go:85.2,85.29 1 2
github.com/RUDRA-PRATAP-SINGH01/PebbleDB/internal/db/write.go:5.49,6.51 1 501
github.com/RUDRA-PRATAP-SINGH01/PebbleDB/internal/db/write.go:6.51,8.3 1 3
github.com/RUDRA-PRATAP-SINGH01/PebbleDB/internal/db/write.go:10.2,11.15 2 498
github.com/RUDRA-PRATAP-SINGH01/PebbleDB/internal/db/write.go:11.15,14.3 2 0
github.com/RUDRA-PRATAP-SINGH01/PebbleDB/internal/db/write.go:16.2,23.15 5 498
github.com/RUDRA-PRATAP-SINGH01/PebbleDB/internal/db/write.go:23.15,26.3 2 247
github.com/RUDRA-PRATAP-SINGH01/PebbleDB/internal/db/write.go:27.2,29.31 2 251
